#
# A fatal error has been detected by the Java Runtime Environment:
#
#  EXCEPTION_ACCESS_VIOLATION (0xc0000005) at pc=0x00007ffc223154ca, pid=9016, tid=4668
#
# JRE version: OpenJDK Runtime Environment (11.0.12+7) (build 11.0.12+7-b1504.28-7817840)
# Java VM: OpenJDK 64-Bit Server VM (11.0.12+7-b1504.28-7817840, mixed mode, tiered, compressed oops, g1 gc, windows-amd64)
# Problematic frame:
# V  [jvm.dll+0x2054ca]
#
# No core dump will be written. Minidumps are not enabled by default on client versions of Windows
#
# If you would like to submit a bug report, please visit:
#   https://bugreport.java.com/bugreport/crash.jsp
#

---------------  S U M M A R Y ------------

Command Line: --add-opens=java.base/java.util=ALL-UNNAMED --add-opens=java.base/java.lang=ALL-UNNAMED --add-opens=java.base/java.lang.invoke=ALL-UNNAMED --add-opens=java.base/java.util=ALL-UNNAMED --add-opens=java.prefs/java.util.prefs=ALL-UNNAMED --add-opens=java.prefs/java.util.prefs=ALL-UNNAMED --add-opens=java.base/java.nio.charset=ALL-UNNAMED --add-opens=java.base/java.net=ALL-UNNAMED --add-opens=java.base/java.util.concurrent.atomic=ALL-UNNAMED -Xmx2048m -Dfile.encoding=UTF-8 -Duser.country=TR -Duser.language=tr -Duser.variant org.gradle.launcher.daemon.bootstrap.GradleDaemon 7.3.3

Host: Intel(R) Core(TM) i3-3220 CPU @ 3.30GHz, 4 cores, 7G,  Windows 10 , 64 bit Build 19041 (10.0.19041.1889)
Time: Sat Aug 20 04:26:38 2022 Azerbaycan Standart Saati elapsed time: 2044.123257 seconds (0d 0h 34m 4s)

---------------  T H R E A D  ---------------

Current thread (0x00000246095d9800):  JavaThread "C2 CompilerThread1" daemon [_thread_in_native, id=4668, stack(0x0000006d8e500000,0x0000006d8e600000)]


Current CompileTask:
C2:2044123 17068       4       org.objectweb.asm.MethodWriter::putMethodInfo (1274 bytes)

Stack: [0x0000006d8e500000,0x0000006d8e600000],  sp=0x0000006d8e5fbcd0,  free space=1007k
Native frames: (J=compiled Java code, j=interpreted, Vv=VM code, C=native code)
V  [jvm.dll+0x2054ca]
V  [jvm.dll+0x203ad2]
V  [jvm.dll+0x202229]
V  [jvm.dll+0x1ff71f]
V  [jvm.dll+0x18868c]
V  [jvm.dll+0x20e0d7]
V  [jvm.dll+0x20c901]
V  [jvm.dll+0x6f9b7f]
V  [jvm.dll+0x6f26a5]
V  [jvm.dll+0x5fabf6]
C  [ucrtbase.dll+0x21bb2]
C  [KERNEL32.DLL+0x17034]
C  [ntdll.dll+0x52651]


siginfo: EXCEPTION_ACCESS_VIOLATION (0xc0000005), reading address 0xffffffffffffffff


Register to memory mapping:

RIP=0x00007ffc223154ca jvm.dll
RAX=0x0000024608428e78 points into unknown readable memory: 0x0400000000000000 | 00 00 00 00 00 00 00 04
RBX=0x0400000000000000 is an unknown value
RCX=0x0 is NULL
RDX=0x00000246119fbae0 points into unknown readable memory: 0x50f04c0e44022319 | 19 23 02 44 0e 4c f0 50
RSP=0x0000006d8e5fbcd0 is pointing into the stack for thread: 0x00000246095d9800
RBP=0x0000006d8e5fbd40 is pointing into the stack for thread: 0x00000246095d9800
RSI=0x0000000000000001 is an unknown value
RDI=0x0000006d8e5fbda0 is pointing into the stack for thread: 0x00000246095d9800
R8 =0x0000000000000001 is an unknown value
R9 =0x0000000000000008 is an unknown value
R10=0x0000000000000002 is an unknown value
R11=0x00007ffc22110000 jvm.dll
R12=0x0000000000000008 is an unknown value
R13=0x0000006d8e5fbdc0 is pointing into the stack for thread: 0x00000246095d9800
R14=0x0000024608428e40 points into unknown readable memory: 0x00007ffc2297c578 | 78 c5 97 22 fc 7f 00 00
R15=0x000000000000000d is an unknown value


Registers:
RAX=0x0000024608428e78, RBX=0x0400000000000000, RCX=0x0000000000000000, RDX=0x00000246119fbae0
RSP=0x0000006d8e5fbcd0, RBP=0x0000006d8e5fbd40, RSI=0x0000000000000001, RDI=0x0000006d8e5fbda0
R8 =0x0000000000000001, R9 =0x0000000000000008, R10=0x0000000000000002, R11=0x00007ffc22110000
R12=0x0000000000000008, R13=0x0000006d8e5fbdc0, R14=0x0000024608428e40, R15=0x000000000000000d
RIP=0x00007ffc223154ca, EFLAGS=0x0000000000010206

Top of Stack: (sp=0x0000006d8e5fbcd0)
0x0000006d8e5fbcd0:   0000006d8e5febd0 00000246084291c8
0x0000006d8e5fbce0:   0000006d8e5fbdc0 00000246119fb960
0x0000006d8e5fbcf0:   0000024607737560 0000000000000100
0x0000006d8e5fbd00:   00000246119ff8e0 00007ffc000000a6
0x0000006d8e5fbd10:   00007ffc2298fad8 0000024607737560
0x0000006d8e5fbd20:   0000024600000200 00000246119fc220
0x0000006d8e5fbd30:   0000024600000000 00007ffc221d072f
0x0000006d8e5fbd40:   0000000000000000 000002460eb5f870
0x0000006d8e5fbd50:   000002460eb5f878 0000000000000008
0x0000006d8e5fbd60:   00000000000129e0 00007ffc22313ad2
0x0000006d8e5fbd70:   0000006d8e5febd0 0000024607737560
0x0000006d8e5fbd80:   0000006d8e5febd0 00000000000129e0
0x0000006d8e5fbd90:   000000000000001f 000002460eb5f878
0x0000006d8e5fbda0:   000002460ec4dfa0 000002460ec60950
0x0000006d8e5fbdb0:   000002460ec4df70 0000024607737560
0x0000006d8e5fbdc0:   000000000000007e 0000009f00000000 

Instructions: (pc=0x00007ffc223154ca)
0x00007ffc223153ca:   00 00 00 4d 8b f0 44 8b 05 a5 30 84 00 4d 8b e9
0x00007ffc223153da:   b9 08 00 00 00 48 8b fa 4a 8b 04 c0 4c 8b 04 08
0x00007ffc223153ea:   49 8b 98 78 02 00 00 48 89 5d b0 c7 45 b8 04 00
0x00007ffc223153fa:   00 00 48 83 7b 18 df 76 14 4c 8d 05 76 a1 5e 00
0x00007ffc2231540a:   ba 20 00 00 00 48 8b cb e8 59 b6 eb ff 48 8b 43
0x00007ffc2231541a:   18 48 8d 48 20 48 3b 4b 20 76 11 45 33 c0 48 8b
0x00007ffc2231542a:   cb 41 8d 50 20 e8 5c b2 eb ff eb 04 48 89 4b 18
0x00007ffc2231543a:   48 89 45 c0 48 8d 4d d0 33 f6 48 8b d3 48 89 30
0x00007ffc2231544a:   48 8b 45 c0 48 89 70 08 48 8b 45 c0 48 89 70 10
0x00007ffc2231545a:   48 8b 45 c0 48 89 70 18 89 75 c8 e8 16 64 51 00
0x00007ffc2231546a:   45 8b 46 28 41 8b c0 c1 e8 05 89 75 f0 41 3b 45
0x00007ffc2231547a:   28 72 10 49 8b 45 18 49 8d 4d 18 41 8b d0 ff 50
0x00007ffc2231548a:   18 eb 1b 8b c8 41 83 e0 1f 49 8b 45 30 48 8d 14
0x00007ffc2231549a:   88 b8 01 00 00 00 41 0f b6 c8 d3 e0 09 02 45 8b
0x00007ffc223154aa:   7e 18 0f 1f 40 00 41 3b f7 0f 83 2e 01 00 00 49
0x00007ffc223154ba:   8b 46 08 8b ce ff c6 48 8b 1c c8 48 85 db 74 e6
0x00007ffc223154ca:   8b 4b 28 8b c1 c1 e8 05 41 3b 45 28 72 0f 49 8b
0x00007ffc223154da:   45 18 8b d1 49 8d 4d 18 ff 50 18 eb 25 83 e1 1f
0x00007ffc223154ea:   41 b8 01 00 00 00 41 d3 e0 8b c8 49 8b 45 30 48
0x00007ffc223154fa:   8d 14 88 8b 0c 88 8b c1 41 0b c8 89 0a 41 23 c0
0x00007ffc2231550a:   75 a4 8b 43 2c 83 e0 03 3c 03 0f 85 a1 00 00 00
0x00007ffc2231551a:   48 8b 03 48 8b cb ff 90 88 00 00 00 48 85 c0 0f
0x00007ffc2231552a:   84 8c 00 00 00 48 8b 03 48 8b cb ff 90 88 00 00
0x00007ffc2231553a:   00 48 8b c8 e8 5d 91 f8 ff 48 8b 4d 30 39 81 90
0x00007ffc2231554a:   08 00 00 7d 06 89 81 90 08 00 00 8b 4b 28 8b c1
0x00007ffc2231555a:   c1 e8 05 3b 45 e0 72 0f 48 8b 45 d0 8b d1 48 8d
0x00007ffc2231556a:   4d d0 ff 50 18 eb 25 83 e1 1f 41 b8 01 00 00 00
0x00007ffc2231557a:   41 d3 e0 8b c8 48 8b 45 e8 48 8d 14 88 8b 0c 88
0x00007ffc2231558a:   8b c1 41 0b c8 89 0a 41 23 c0 75 25 8b 45 c8 44
0x00007ffc2231559a:   8b f8 ff c0 89 45 c8 44 3b 7d b8 72 0c 41 8b d7
0x00007ffc223155aa:   48 8d 4d b0 e8 7d 2c 42 00 48 8b 45 c0 4a 89 1c
0x00007ffc223155ba:   f8 44 8b 7b 18 48 83 07 10 48 8b 07 48 3b 47 08 


Stack slot to memory mapping:
stack at sp + 0 slots: 0x0000006d8e5febd0 is pointing into the stack for thread: 0x00000246095d9800
stack at sp + 1 slots: 0x00000246084291c8 points into unknown readable memory: 0x00007ffc22905590 | 90 55 90 22 fc 7f 00 00
stack at sp + 2 slots: 0x0000006d8e5fbdc0 is pointing into the stack for thread: 0x00000246095d9800
stack at sp + 3 slots: 0x00000246119fb960 points into unknown readable memory: 0x0000000000000000 | 00 00 00 00 00 00 00 00
stack at sp + 4 slots: 0x0000024607737560 points into unknown readable memory: 0x005c003f00000006 | 06 00 00 00 3f 00 5c 00
stack at sp + 5 slots: 0x0000000000000100 is an unknown value
stack at sp + 6 slots: 0x00000246119ff8e0 points into unknown readable memory: 0x000002460d909988 | 88 99 90 0d 46 02 00 00
stack at sp + 7 slots: 0x00007ffc000000a6 is an unknown value


---------------  P R O C E S S  ---------------

Threads class SMR info:
_java_thread_list=0x000002460b30e090, length=81, elements={
0x000002466a7db000, 0x000002467eafe000, 0x000002467eb0b000, 0x000002467f4b2800,
0x000002467eb1b000, 0x000002467eb1b800, 0x000002467eb26800, 0x000002467eb2d000,
0x000002467eb30800, 0x000002467f5ef000, 0x0000024607074800, 0x000002460773b800,
0x0000024606a9b000, 0x00000246089f2000, 0x0000024607933000, 0x0000024607b0e000,
0x0000024607e77000, 0x0000024607351000, 0x00000246085e2000, 0x00000246085e6000,
0x00000246085e5000, 0x00000246085e3800, 0x00000246085e0000, 0x00000246085e4800,
0x00000246085e7000, 0x00000246085e1000, 0x00000246085e2800, 0x0000024606f66800,
0x0000024606f68000, 0x0000024606f64000, 0x0000024606f67800, 0x0000024606f6a000,
0x0000024606f69000, 0x0000024606f6c000, 0x0000024606f70800, 0x0000024606f6d000,
0x0000024606f6a800, 0x0000024606f71000, 0x0000024606f6b800, 0x0000024606f72000,
0x0000024606f72800, 0x00000246081b0000, 0x00000246081b0800, 0x00000246081ae000,
0x00000246081b2800, 0x00000246081ac800, 0x00000246081af000, 0x00000246081b1800,
0x00000246081ad800, 0x00000246081b3000, 0x00000246081b8000, 0x00000246081b5800,
0x00000246081b4000, 0x00000246081b5000, 0x00000246081b6800, 0x00000246081b9000,
0x00000246081b7000, 0x00000246081b9800, 0x00000246081ba800, 0x00000246081bb800,
0x0000024608f99800, 0x0000024608f9b000, 0x0000024608f9a000, 0x0000024608f97800,
0x0000024608f9c000, 0x0000024608f98800, 0x0000024608f96000, 0x0000024608f9c800,
0x0000024608f97000, 0x0000024608f9d800, 0x0000024608fa2800, 0x0000024608f9f000,
0x0000024608fa0000, 0x0000024608fa4000, 0x0000024608fa0800, 0x0000024608fa3000,
0x0000024608fa1800, 0x0000024611012800, 0x0000024611010000, 0x00000246095d8000,
0x00000246095d9800
}

Java Threads: ( => current thread )
  0x000002466a7db000 JavaThread "main" [_thread_blocked, id=5692, stack(0x0000006d8c800000,0x0000006d8c900000)]
  0x000002467eafe000 JavaThread "Reference Handler" daemon [_thread_blocked, id=2340, stack(0x0000006d8cf00000,0x0000006d8d000000)]
  0x000002467eb0b000 JavaThread "Finalizer" daemon [_thread_blocked, id=3884, stack(0x0000006d8d000000,0x0000006d8d100000)]
  0x000002467f4b2800 JavaThread "Signal Dispatcher" daemon [_thread_blocked, id=9140, stack(0x0000006d8d100000,0x0000006d8d200000)]
  0x000002467eb1b000 JavaThread "Attach Listener" daemon [_thread_blocked, id=2044, stack(0x0000006d8d200000,0x0000006d8d300000)]
  0x000002467eb1b800 JavaThread "Service Thread" daemon [_thread_blocked, id=6748, stack(0x0000006d8d300000,0x0000006d8d400000)]
  0x000002467eb26800 JavaThread "C2 CompilerThread0" daemon [_thread_in_vm, id=3740, stack(0x0000006d8d400000,0x0000006d8d500000)]
  0x000002467eb2d000 JavaThread "C1 CompilerThread0" daemon [_thread_blocked, id=9084, stack(0x0000006d8d500000,0x0000006d8d600000)]
  0x000002467eb30800 JavaThread "Sweeper thread" daemon [_thread_blocked, id=8100, stack(0x0000006d8d600000,0x0000006d8d700000)]
  0x000002467f5ef000 JavaThread "Common-Cleaner" daemon [_thread_blocked, id=5648, stack(0x0000006d8d700000,0x0000006d8d800000)]
  0x0000024607074800 JavaThread "Daemon health stats" [_thread_blocked, id=8496, stack(0x0000006d8dc00000,0x0000006d8dd00000)]
  0x000002460773b800 JavaThread "Incoming local TCP Connector on port 50407" [_thread_in_native, id=8044, stack(0x0000006d8dd00000,0x0000006d8de00000)]
  0x0000024606a9b000 JavaThread "Daemon" [_thread_blocked, id=7096, stack(0x0000006d8de00000,0x0000006d8df00000)]
  0x00000246089f2000 JavaThread "Daemon periodic checks" [_thread_blocked, id=8564, stack(0x0000006d8df00000,0x0000006d8e000000)]
  0x0000024607933000 JavaThread "Handler for socket connection from /127.0.0.1:50407 to /127.0.0.1:50408" [_thread_in_native, id=5020, stack(0x0000006d8e000000,0x0000006d8e100000)]
  0x0000024607b0e000 JavaThread "Cancel handler" [_thread_blocked, id=2188, stack(0x0000006d8e200000,0x0000006d8e300000)]
  0x0000024607e77000 JavaThread "Daemon worker" [_thread_in_vm, id=5228, stack(0x0000006d8e300000,0x0000006d8e400000)]
  0x0000024607351000 JavaThread "Asynchronous log dispatcher for DefaultDaemonConnection: socket connection from /127.0.0.1:50407 to /127.0.0.1:50408" [_thread_blocked, id=5400, stack(0x0000006d8e400000,0x0000006d8e500000)]
  0x00000246085e2000 JavaThread "Daemon client event forwarder" [_thread_blocked, id=236, stack(0x0000006d8e600000,0x0000006d8e700000)]
  0x00000246085e6000 JavaThread "Cache worker for journal cache (C:\Users\user\.gradle\caches\journal-1)" [_thread_blocked, id=9188, stack(0x0000006d8e700000,0x0000006d8e800000)]
  0x00000246085e5000 JavaThread "File lock request listener" [_thread_in_native, id=8860, stack(0x0000006d8e800000,0x0000006d8e900000)]
  0x00000246085e3800 JavaThread "Cache worker for file hash cache (C:\Users\user\.gradle\caches\7.3.3\fileHashes)" [_thread_blocked, id=8304, stack(0x0000006d8e900000,0x0000006d8ea00000)]
  0x00000246085e0000 JavaThread "Cache worker for file hash cache (C:\Users\user\AndroidStudioProjects\Soztapmaca\.gradle\7.3.3\fileHashes)" [_thread_blocked, id=3896, stack(0x0000006d8ea00000,0x0000006d8eb00000)]
  0x00000246085e4800 JavaThread "File watcher server" daemon [_thread_in_native, id=9052, stack(0x0000006d8eb00000,0x0000006d8ec00000)]
  0x00000246085e7000 JavaThread "File watcher consumer" daemon [_thread_blocked, id=8912, stack(0x0000006d8ec00000,0x0000006d8ed00000)]
  0x00000246085e1000 JavaThread "jar transforms" [_thread_blocked, id=2760, stack(0x0000006d8d900000,0x0000006d8da00000)]
  0x00000246085e2800 JavaThread "jar transforms Thread 2" [_thread_blocked, id=1964, stack(0x0000006d8ed00000,0x0000006d8ee00000)]
  0x0000024606f66800 JavaThread "jar transforms Thread 3" [_thread_blocked, id=824, stack(0x0000006d8ee00000,0x0000006d8ef00000)]
  0x0000024606f68000 JavaThread "jar transforms Thread 4" [_thread_blocked, id=3496, stack(0x0000006d8ef00000,0x0000006d8f000000)]
  0x0000024606f64000 JavaThread "Cache worker for checksums cache (C:\Users\user\AndroidStudioProjects\Soztapmaca\.gradle\7.3.3\checksums)" [_thread_blocked, id=3196, stack(0x0000006d8f100000,0x0000006d8f200000)]
  0x0000024606f67800 JavaThread "Cache worker for cache directory md-supplier (C:\Users\user\.gradle\caches\7.3.3\md-supplier)" [_thread_blocked, id=8856, stack(0x0000006d8f200000,0x0000006d8f300000)]
  0x0000024606f6a000 JavaThread "Cache worker for cache directory md-rule (C:\Users\user\.gradle\caches\7.3.3\md-rule)" [_thread_blocked, id=1436, stack(0x0000006d8f300000,0x0000006d8f400000)]
  0x0000024606f69000 JavaThread "Cache worker for execution history cache (C:\Users\user\.gradle\caches\7.3.3\executionHistory)" [_thread_blocked, id=7896, stack(0x0000006d8f400000,0x0000006d8f500000)]
  0x0000024606f6c000 JavaThread "Cache worker for file content cache (C:\Users\user\.gradle\caches\7.3.3\fileContent)" [_thread_blocked, id=9212, stack(0x0000006d8f500000,0x0000006d8f600000)]
  0x0000024606f70800 JavaThread "Cache worker for dependencies-accessors (C:\Users\user\AndroidStudioProjects\Soztapmaca\.gradle\7.3.3\dependencies-accessors)" [_thread_blocked, id=5680, stack(0x0000006d8f600000,0x0000006d8f700000)]
  0x0000024606f6d000 JavaThread "Cache worker for Build Output Cleanup Cache (C:\Users\user\AndroidStudioProjects\Soztapmaca\.gradle\buildOutputCleanup)" [_thread_blocked, id=4092, stack(0x0000006d8f700000,0x0000006d8f800000)]
  0x0000024606f6a800 JavaThread "Unconstrained build operations" [_thread_blocked, id=372, stack(0x0000006d8fb00000,0x0000006d8fc00000)]
  0x0000024606f71000 JavaThread "Unconstrained build operations Thread 2" [_thread_blocked, id=2316, stack(0x0000006d8fc00000,0x0000006d8fd00000)]
  0x0000024606f6b800 JavaThread "Unconstrained build operations Thread 3" [_thread_blocked, id=5596, stack(0x0000006d8fd00000,0x0000006d8fe00000)]
  0x0000024606f72000 JavaThread "Unconstrained build operations Thread 4" [_thread_blocked, id=8196, stack(0x0000006d8fe00000,0x0000006d8ff00000)]
  0x0000024606f72800 JavaThread "Unconstrained build operations Thread 5" [_thread_blocked, id=3508, stack(0x0000006d8ff00000,0x0000006d90000000)]
  0x00000246081b0000 JavaThread "Unconstrained build operations Thread 6" [_thread_blocked, id=6940, stack(0x0000006d90000000,0x0000006d90100000)]
  0x00000246081b0800 JavaThread "Unconstrained build operations Thread 7" [_thread_blocked, id=7032, stack(0x0000006d90100000,0x0000006d90200000)]
  0x00000246081ae000 JavaThread "Unconstrained build operations Thread 8" [_thread_blocked, id=4608, stack(0x0000006d90200000,0x0000006d90300000)]
  0x00000246081b2800 JavaThread "Unconstrained build operations Thread 9" [_thread_blocked, id=8980, stack(0x0000006d90300000,0x0000006d90400000)]
  0x00000246081ac800 JavaThread "Unconstrained build operations Thread 10" [_thread_blocked, id=5268, stack(0x0000006d90400000,0x0000006d90500000)]
  0x00000246081af000 JavaThread "Unconstrained build operations Thread 11" [_thread_blocked, id=8204, stack(0x0000006d90500000,0x0000006d90600000)]
  0x00000246081b1800 JavaThread "Unconstrained build operations Thread 12" [_thread_blocked, id=6828, stack(0x0000006d90600000,0x0000006d90700000)]
  0x00000246081ad800 JavaThread "Unconstrained build operations Thread 13" [_thread_blocked, id=364, stack(0x0000006d90700000,0x0000006d90800000)]
  0x00000246081b3000 JavaThread "Unconstrained build operations Thread 14" [_thread_blocked, id=8800, stack(0x0000006d90800000,0x0000006d90900000)]
  0x00000246081b8000 JavaThread "Unconstrained build operations Thread 15" [_thread_blocked, id=488, stack(0x0000006d90900000,0x0000006d90a00000)]
  0x00000246081b5800 JavaThread "Unconstrained build operations Thread 16" [_thread_blocked, id=4048, stack(0x0000006d90a00000,0x0000006d90b00000)]
  0x00000246081b4000 JavaThread "Unconstrained build operations Thread 17" [_thread_blocked, id=2588, stack(0x0000006d90b00000,0x0000006d90c00000)]
  0x00000246081b5000 JavaThread "Unconstrained build operations Thread 18" [_thread_blocked, id=6760, stack(0x0000006d90c00000,0x0000006d90d00000)]
  0x00000246081b6800 JavaThread "Unconstrained build operations Thread 19" [_thread_blocked, id=900, stack(0x0000006d90d00000,0x0000006d90e00000)]
  0x00000246081b9000 JavaThread "Unconstrained build operations Thread 20" [_thread_blocked, id=6820, stack(0x0000006d90e00000,0x0000006d90f00000)]
  0x00000246081b7000 JavaThread "Unconstrained build operations Thread 21" [_thread_blocked, id=8568, stack(0x0000006d90f00000,0x0000006d91000000)]
  0x00000246081b9800 JavaThread "Unconstrained build operations Thread 22" [_thread_blocked, id=8948, stack(0x0000006d91000000,0x0000006d91100000)]
  0x00000246081ba800 JavaThread "Unconstrained build operations Thread 23" [_thread_blocked, id=8836, stack(0x0000006d91100000,0x0000006d91200000)]
  0x00000246081bb800 JavaThread "Unconstrained build operations Thread 24" [_thread_blocked, id=7840, stack(0x0000006d91200000,0x0000006d91300000)]
  0x0000024608f99800 JavaThread "Unconstrained build operations Thread 25" [_thread_blocked, id=4772, stack(0x0000006d91300000,0x0000006d91400000)]
  0x0000024608f9b000 JavaThread "Unconstrained build operations Thread 26" [_thread_blocked, id=5484, stack(0x0000006d91400000,0x0000006d91500000)]
  0x0000024608f9a000 JavaThread "Unconstrained build operations Thread 27" [_thread_blocked, id=7492, stack(0x0000006d91500000,0x0000006d91600000)]
  0x0000024608f97800 JavaThread "Unconstrained build operations Thread 28" [_thread_blocked, id=7284, stack(0x0000006d91600000,0x0000006d91700000)]
  0x0000024608f9c000 JavaThread "Unconstrained build operations Thread 29" [_thread_blocked, id=312, stack(0x0000006d91700000,0x0000006d91800000)]
  0x0000024608f98800 JavaThread "Unconstrained build operations Thread 30" [_thread_blocked, id=7324, stack(0x0000006d91800000,0x0000006d91900000)]
  0x0000024608f96000 JavaThread "Unconstrained build operations Thread 31" [_thread_blocked, id=8632, stack(0x0000006d91900000,0x0000006d91a00000)]
  0x0000024608f9c800 JavaThread "Unconstrained build operations Thread 32" [_thread_blocked, id=4368, stack(0x0000006d91a00000,0x0000006d91b00000)]
  0x0000024608f97000 JavaThread "Unconstrained build operations Thread 33" [_thread_blocked, id=5952, stack(0x0000006d91b00000,0x0000006d91c00000)]
  0x0000024608f9d800 JavaThread "Unconstrained build operations Thread 34" [_thread_blocked, id=5072, stack(0x0000006d91c00000,0x0000006d91d00000)]
  0x0000024608fa2800 JavaThread "Unconstrained build operations Thread 35" [_thread_blocked, id=3204, stack(0x0000006d91d00000,0x0000006d91e00000)]
  0x0000024608f9f000 JavaThread "Unconstrained build operations Thread 36" [_thread_blocked, id=5152, stack(0x0000006d91e00000,0x0000006d91f00000)]
  0x0000024608fa0000 JavaThread "Unconstrained build operations Thread 37" [_thread_blocked, id=8416, stack(0x0000006d91f00000,0x0000006d92000000)]
  0x0000024608fa4000 JavaThread "Unconstrained build operations Thread 38" [_thread_blocked, id=8320, stack(0x0000006d92000000,0x0000006d92100000)]
  0x0000024608fa0800 JavaThread "Unconstrained build operations Thread 39" [_thread_blocked, id=5004, stack(0x0000006d92100000,0x0000006d92200000)]
  0x0000024608fa3000 JavaThread "Unconstrained build operations Thread 40" [_thread_blocked, id=4332, stack(0x0000006d92200000,0x0000006d92300000)]
  0x0000024608fa1800 JavaThread "Memory manager" [_thread_blocked, id=3652, stack(0x0000006d8c500000,0x0000006d8c600000)]
  0x0000024611012800 JavaThread "pool-3-thread-1" [_thread_blocked, id=2872, stack(0x0000006d8c600000,0x0000006d8c700000)]
  0x0000024611010000 JavaThread "Cache worker for execution history cache (C:\Users\user\AndroidStudioProjects\Soztapmaca\.gradle\7.3.3\executionHistory)" [_thread_blocked, id=7800, stack(0x0000006d8f900000,0x0000006d8fa00000)]
  0x00000246095d8000 JavaThread "Keep-Alive-Timer" daemon [_thread_blocked, id=3420, stack(0x0000006d8c700000,0x0000006d8c800000)]
=>0x00000246095d9800 JavaThread "C2 CompilerThread1" daemon [_thread_in_native, id=4668, stack(0x0000006d8e500000,0x0000006d8e600000)]

Other Threads:
  0x000002467eaf9800 VMThread "VM Thread" [stack: 0x0000006d8ce00000,0x0000006d8cf00000] [id=1792]
  0x000002467f5f2800 WatcherThread [stack: 0x0000006d8d800000,0x0000006d8d900000] [id=4272]
  0x000002466a7f4800 GCTaskThread "GC Thread#0" [stack: 0x0000006d8c900000,0x0000006d8ca00000] [id=2324]
  0x000002460666f800 GCTaskThread "GC Thread#1" [stack: 0x0000006d8da00000,0x0000006d8db00000] [id=4836]
  0x000002467f83d000 GCTaskThread "GC Thread#2" [stack: 0x0000006d8db00000,0x0000006d8dc00000] [id=2904]
  0x00000246081ab800 GCTaskThread "GC Thread#3" [stack: 0x0000006d8e100000,0x0000006d8e200000] [id=6660]
  0x000002466a827000 ConcurrentGCThread "G1 Main Marker" [stack: 0x0000006d8ca00000,0x0000006d8cb00000] [id=8508]
  0x000002466a828000 ConcurrentGCThread "G1 Conc#0" [stack: 0x0000006d8cb00000,0x0000006d8cc00000] [id=6396]
  0x000002466a8b7800 ConcurrentGCThread "G1 Refine#0" [stack: 0x0000006d8cc00000,0x0000006d8cd00000] [id=1988]
  0x000002466a8b8800 ConcurrentGCThread "G1 Young RemSet Sampling" [stack: 0x0000006d8cd00000,0x0000006d8ce00000] [id=2108]

Threads with active compile tasks:
C2 CompilerThread12044282 17068       4       org.objectweb.asm.MethodWriter::putMethodInfo (1274 bytes)

VM state:not at safepoint (normal execution)

VM Mutex/Monitor currently owned by a thread: None

Heap address: 0x0000000080000000, size: 2048 MB, Compressed Oops mode: 32-bit
Narrow klass base: 0x0000000000000000, Narrow klass shift: 3
Compressed class space size: 1073741824 Address: 0x0000000100000000

Heap:
 garbage-first heap   total 328704K, used 213686K [0x0000000080000000, 0x0000000100000000)
  region size 1024K, 93 young (95232K), 11 survivors (11264K)
 Metaspace       used 114219K, capacity 116787K, committed 117160K, reserved 1150976K
  class space    used 14179K, capacity 15113K, committed 15256K, reserved 1048576K
Heap Regions: E=young(eden), S=young(survivor), O=old, HS=humongous(starts), HC=humongous(continues), CS=collection set, F=free, A=archive, TAMS=top-at-mark-start (previous, next)
|   0|0x0000000080000000, 0x0000000080100000, 0x0000000080100000|100%| O|  |TAMS 0x0000000080100000, 0x0000000080000000| Untracked 
|   1|0x0000000080100000, 0x0000000080200000, 0x0000000080200000|100%| O|  |TAMS 0x0000000080200000, 0x0000000080100000| Untracked 
|   2|0x0000000080200000, 0x0000000080300000, 0x0000000080300000|100%| O|  |TAMS 0x0000000080300000, 0x0000000080200000| Untracked 
|   3|0x0000000080300000, 0x0000000080400000, 0x0000000080400000|100%|HS|  |TAMS 0x0000000080400000, 0x0000000080300000| Complete 
|   4|0x0000000080400000, 0x0000000080500000, 0x0000000080500000|100%|HC|  |TAMS 0x0000000080500000, 0x0000000080400000| Complete 
|   5|0x0000000080500000, 0x0000000080600000, 0x0000000080600000|100%|HC|  |TAMS 0x0000000080600000, 0x0000000080500000| Complete 
|   6|0x0000000080600000, 0x0000000080700000, 0x0000000080700000|100%| O|  |TAMS 0x0000000080700000, 0x0000000080600000| Untracked 
|   7|0x0000000080700000, 0x0000000080800000, 0x0000000080800000|100%| O|  |TAMS 0x0000000080800000, 0x0000000080700000| Untracked 
|   8|0x0000000080800000, 0x0000000080900000, 0x0000000080900000|100%| O|  |TAMS 0x0000000080900000, 0x0000000080800000| Untracked 
|   9|0x0000000080900000, 0x0000000080a00000, 0x0000000080a00000|100%| O|  |TAMS 0x0000000080a00000, 0x0000000080900000| Untracked 
|  10|0x0000000080a00000, 0x0000000080b00000, 0x0000000080b00000|100%| O|  |TAMS 0x0000000080b00000, 0x0000000080a00000| Untracked 
|  11|0x0000000080b00000, 0x0000000080c00000, 0x0000000080c00000|100%| O|  |TAMS 0x0000000080c00000, 0x0000000080b00000| Untracked 
|  12|0x0000000080c00000, 0x0000000080d00000, 0x0000000080d00000|100%| O|  |TAMS 0x0000000080d00000, 0x0000000080c00000| Untracked 
|  13|0x0000000080d00000, 0x0000000080e00000, 0x0000000080e00000|100%| O|  |TAMS 0x0000000080e00000, 0x0000000080d00000| Untracked 
|  14|0x0000000080e00000, 0x0000000080f00000, 0x0000000080f00000|100%| O|  |TAMS 0x0000000080f00000, 0x0000000080e00000| Untracked 
|  15|0x0000000080f00000, 0x0000000081000000, 0x0000000081000000|100%| O|  |TAMS 0x0000000081000000, 0x0000000080f00000| Untracked 
|  16|0x0000000081000000, 0x0000000081100000, 0x0000000081100000|100%|HS|  |TAMS 0x0000000081100000, 0x0000000081000000| Complete 
|  17|0x0000000081100000, 0x0000000081200000, 0x0000000081200000|100%|HC|  |TAMS 0x0000000081200000, 0x0000000081100000| Complete 
|  18|0x0000000081200000, 0x0000000081300000, 0x0000000081300000|100%|HS|  |TAMS 0x0000000081300000, 0x0000000081200000| Complete 
|  19|0x0000000081300000, 0x0000000081400000, 0x0000000081400000|100%|HC|  |TAMS 0x0000000081400000, 0x0000000081300000| Complete 
|  20|0x0000000081400000, 0x0000000081500000, 0x0000000081500000|100%|HC|  |TAMS 0x0000000081500000, 0x0000000081400000| Complete 
|  21|0x0000000081500000, 0x0000000081600000, 0x0000000081600000|100%|HS|  |TAMS 0x0000000081600000, 0x0000000081500000| Complete 
|  22|0x0000000081600000, 0x0000000081700000, 0x0000000081700000|100%|HS|  |TAMS 0x0000000081700000, 0x0000000081600000| Complete 
|  23|0x0000000081700000, 0x0000000081800000, 0x0000000081800000|100%|HC|  |TAMS 0x0000000081800000, 0x0000000081700000| Complete 
|  24|0x0000000081800000, 0x0000000081900000, 0x0000000081900000|100%|HC|  |TAMS 0x0000000081900000, 0x0000000081800000| Complete 
|  25|0x0000000081900000, 0x0000000081a00000, 0x0000000081a00000|100%|HC|  |TAMS 0x0000000081a00000, 0x0000000081900000| Complete 
|  26|0x0000000081a00000, 0x0000000081b00000, 0x0000000081b00000|100%| O|  |TAMS 0x0000000081b00000, 0x0000000081a00000| Untracked 
|  27|0x0000000081b00000, 0x0000000081c00000, 0x0000000081c00000|100%| O|  |TAMS 0x0000000081c00000, 0x0000000081b00000| Untracked 
|  28|0x0000000081c00000, 0x0000000081d00000, 0x0000000081d00000|100%| O|  |TAMS 0x0000000081d00000, 0x0000000081c00000| Untracked 
|  29|0x0000000081d00000, 0x0000000081e00000, 0x0000000081e00000|100%| O|  |TAMS 0x0000000081e00000, 0x0000000081d00000| Untracked 
|  30|0x0000000081e00000, 0x0000000081f00000, 0x0000000081f00000|100%| O|  |TAMS 0x0000000081f00000, 0x0000000081e00000| Untracked 
|  31|0x0000000081f00000, 0x0000000082000000, 0x0000000082000000|100%| O|  |TAMS 0x0000000082000000, 0x0000000081f00000| Untracked 
|  32|0x0000000082000000, 0x0000000082100000, 0x0000000082100000|100%| O|  |TAMS 0x0000000082100000, 0x0000000082000000| Untracked 
|  33|0x0000000082100000, 0x0000000082200000, 0x0000000082200000|100%| O|  |TAMS 0x0000000082200000, 0x0000000082100000| Untracked 
|  34|0x0000000082200000, 0x0000000082300000, 0x0000000082300000|100%| O|  |TAMS 0x0000000082300000, 0x0000000082200000| Untracked 
|  35|0x0000000082300000, 0x0000000082400000, 0x0000000082400000|100%| O|  |TAMS 0x0000000082400000, 0x0000000082300000| Untracked 
|  36|0x0000000082400000, 0x0000000082500000, 0x0000000082500000|100%| O|  |TAMS 0x0000000082500000, 0x0000000082400000| Untracked 
|  37|0x0000000082500000, 0x0000000082600000, 0x0000000082600000|100%| O|  |TAMS 0x0000000082600000, 0x0000000082500000| Untracked 
|  38|0x0000000082600000, 0x0000000082700000, 0x0000000082700000|100%| O|  |TAMS 0x0000000082700000, 0x0000000082600000| Untracked 
|  39|0x0000000082700000, 0x0000000082800000, 0x0000000082800000|100%| O|  |TAMS 0x0000000082800000, 0x0000000082700000| Untracked 
|  40|0x0000000082800000, 0x0000000082900000, 0x0000000082900000|100%| O|  |TAMS 0x0000000082900000, 0x0000000082800000| Untracked 
|  41|0x0000000082900000, 0x0000000082a00000, 0x0000000082a00000|100%| O|  |TAMS 0x0000000082a00000, 0x0000000082900000| Untracked 
|  42|0x0000000082a00000, 0x0000000082b00000, 0x0000000082b00000|100%| O|  |TAMS 0x0000000082b00000, 0x0000000082a00000| Untracked 
|  43|0x0000000082b00000, 0x0000000082c00000, 0x0000000082c00000|100%| O|  |TAMS 0x0000000082c00000, 0x0000000082b00000| Untracked 
|  44|0x0000000082c00000, 0x0000000082d00000, 0x0000000082d00000|100%|HS|  |TAMS 0x0000000082d00000, 0x0000000082c00000| Complete 
|  45|0x0000000082d00000, 0x0000000082e00000, 0x0000000082e00000|100%|HC|  |TAMS 0x0000000082e00000, 0x0000000082d00000| Complete 
|  46|0x0000000082e00000, 0x0000000082f00000, 0x0000000082f00000|100%|HC|  |TAMS 0x0000000082f00000, 0x0000000082e00000| Complete 
|  47|0x0000000082f00000, 0x0000000083000000, 0x0000000083000000|100%|HC|  |TAMS 0x0000000083000000, 0x0000000082f00000| Complete 
|  48|0x0000000083000000, 0x0000000083100000, 0x0000000083100000|100%| O|  |TAMS 0x0000000083100000, 0x0000000083000000| Untracked 
|  49|0x0000000083100000, 0x0000000083200000, 0x0000000083200000|100%| O|  |TAMS 0x0000000083200000, 0x0000000083100000| Untracked 
|  50|0x0000000083200000, 0x0000000083300000, 0x0000000083300000|100%| O|  |TAMS 0x0000000083300000, 0x0000000083200000| Untracked 
|  51|0x0000000083300000, 0x0000000083400000, 0x0000000083400000|100%| O|  |TAMS 0x0000000083400000, 0x0000000083300000| Untracked 
|  52|0x0000000083400000, 0x0000000083500000, 0x0000000083500000|100%| O|  |TAMS 0x0000000083500000, 0x0000000083400000| Untracked 
|  53|0x0000000083500000, 0x0000000083600000, 0x0000000083600000|100%| O|  |TAMS 0x0000000083600000, 0x0000000083500000| Untracked 
|  54|0x0000000083600000, 0x0000000083700000, 0x0000000083700000|100%| O|  |TAMS 0x0000000083700000, 0x0000000083600000| Untracked 
|  55|0x0000000083700000, 0x0000000083800000, 0x0000000083800000|100%| O|  |TAMS 0x0000000083800000, 0x0000000083700000| Untracked 
|  56|0x0000000083800000, 0x0000000083900000, 0x0000000083900000|100%|HS|  |TAMS 0x0000000083900000, 0x0000000083800000| Complete 
|  57|0x0000000083900000, 0x0000000083a00000, 0x0000000083a00000|100%| O|  |TAMS 0x0000000083a00000, 0x0000000083900000| Untracked 
|  58|0x0000000083a00000, 0x0000000083b00000, 0x0000000083b00000|100%| O|  |TAMS 0x0000000083b00000, 0x0000000083a00000| Untracked 
|  59|0x0000000083b00000, 0x0000000083c00000, 0x0000000083c00000|100%| O|  |TAMS 0x0000000083c00000, 0x0000000083b00000| Untracked 
|  60|0x0000000083c00000, 0x0000000083d00000, 0x0000000083d00000|100%| O|  |TAMS 0x0000000083d00000, 0x0000000083c00000| Untracked 
|  61|0x0000000083d00000, 0x0000000083e00000, 0x0000000083e00000|100%|HS|  |TAMS 0x0000000083e00000, 0x0000000083d00000| Complete 
|  62|0x0000000083e00000, 0x0000000083f00000, 0x0000000083f00000|100%|HC|  |TAMS 0x0000000083f00000, 0x0000000083e00000| Complete 
|  63|0x0000000083f00000, 0x0000000084000000, 0x0000000084000000|100%|HC|  |TAMS 0x0000000084000000, 0x0000000083f00000| Complete 
|  64|0x0000000084000000, 0x0000000084100000, 0x0000000084100000|100%| O|  |TAMS 0x0000000084100000, 0x0000000084000000| Untracked 
|  65|0x0000000084100000, 0x0000000084200000, 0x0000000084200000|100%| O|  |TAMS 0x0000000084200000, 0x0000000084100000| Untracked 
|  66|0x0000000084200000, 0x0000000084300000, 0x0000000084300000|100%| O|  |TAMS 0x0000000084300000, 0x0000000084200000| Untracked 
|  67|0x0000000084300000, 0x0000000084400000, 0x0000000084400000|100%|HS|  |TAMS 0x0000000084400000, 0x0000000084300000| Complete 
|  68|0x0000000084400000, 0x0000000084500000, 0x0000000084500000|100%|HC|  |TAMS 0x0000000084500000, 0x0000000084400000| Complete 
|  69|0x0000000084500000, 0x0000000084600000, 0x0000000084600000|100%| O|  |TAMS 0x0000000084600000, 0x0000000084500000| Untracked 
|  70|0x0000000084600000, 0x0000000084700000, 0x0000000084700000|100%| O|  |TAMS 0x0000000084700000, 0x0000000084600000| Untracked 
|  71|0x0000000084700000, 0x0000000084800000, 0x0000000084800000|100%| O|  |TAMS 0x0000000084800000, 0x0000000084700000| Untracked 
|  72|0x0000000084800000, 0x0000000084900000, 0x0000000084900000|100%| O|  |TAMS 0x0000000084900000, 0x0000000084800000| Untracked 
|  73|0x0000000084900000, 0x0000000084a00000, 0x0000000084a00000|100%|HS|  |TAMS 0x0000000084a00000, 0x0000000084900000| Complete 
|  74|0x0000000084a00000, 0x0000000084b00000, 0x0000000084b00000|100%|HS|  |TAMS 0x0000000084b00000, 0x0000000084a00000| Complete 
|  75|0x0000000084b00000, 0x0000000084c00000, 0x0000000084c00000|100%|HS|  |TAMS 0x0000000084c00000, 0x0000000084b00000| Complete 
|  76|0x0000000084c00000, 0x0000000084d00000, 0x0000000084d00000|100%|HC|  |TAMS 0x0000000084d00000, 0x0000000084c00000| Complete 
|  77|0x0000000084d00000, 0x0000000084e00000, 0x0000000084e00000|100%|HS|  |TAMS 0x0000000084e00000, 0x0000000084d00000| Complete 
|  78|0x0000000084e00000, 0x0000000084f00000, 0x0000000084f00000|100%|HC|  |TAMS 0x0000000084f00000, 0x0000000084e00000| Complete 
|  79|0x0000000084f00000, 0x0000000085000000, 0x0000000085000000|100%|HC|  |TAMS 0x0000000085000000, 0x0000000084f00000| Complete 
|  80|0x0000000085000000, 0x0000000085100000, 0x0000000085100000|100%|HS|  |TAMS 0x0000000085100000, 0x0000000085000000| Complete 
|  81|0x0000000085100000, 0x0000000085200000, 0x0000000085200000|100%|HS|  |TAMS 0x0000000085200000, 0x0000000085100000| Complete 
|  82|0x0000000085200000, 0x0000000085300000, 0x0000000085300000|100%|HC|  |TAMS 0x0000000085300000, 0x0000000085200000| Complete 
|  83|0x0000000085300000, 0x0000000085400000, 0x0000000085400000|100%|HC|  |TAMS 0x0000000085400000, 0x0000000085300000| Complete 
|  84|0x0000000085400000, 0x0000000085500000, 0x0000000085500000|100%|HC|  |TAMS 0x0000000085500000, 0x0000000085400000| Complete 
|  85|0x0000000085500000, 0x0000000085600000, 0x0000000085600000|100%| O|  |TAMS 0x0000000085600000, 0x0000000085500000| Untracked 
|  86|0x0000000085600000, 0x0000000085700000, 0x0000000085700000|100%| O|  |TAMS 0x0000000085700000, 0x0000000085600000| Untracked 
|  87|0x0000000085700000, 0x0000000085800000, 0x0000000085800000|100%| O|  |TAMS 0x0000000085800000, 0x0000000085700000| Untracked 
|  88|0x0000000085800000, 0x0000000085900000, 0x0000000085900000|100%| O|  |TAMS 0x0000000085900000, 0x0000000085800000| Untracked 
|  89|0x0000000085900000, 0x0000000085a00000, 0x0000000085a00000|100%| O|  |TAMS 0x0000000085a00000, 0x0000000085900000| Untracked 
|  90|0x0000000085a00000, 0x0000000085b00000, 0x0000000085b00000|100%| O|  |TAMS 0x0000000085b00000, 0x0000000085a00000| Untracked 
|  91|0x0000000085b00000, 0x0000000085c00000, 0x0000000085c00000|100%| O|  |TAMS 0x0000000085c00000, 0x0000000085b00000| Untracked 
|  92|0x0000000085c00000, 0x0000000085d00000, 0x0000000085d00000|100%| O|  |TAMS 0x0000000085d00000, 0x0000000085c00000| Untracked 
|  93|0x0000000085d00000, 0x0000000085e00000, 0x0000000085e00000|100%| O|  |TAMS 0x0000000085e00000, 0x0000000085d00000| Untracked 
|  94|0x0000000085e00000, 0x0000000085f00000, 0x0000000085f00000|100%| O|  |TAMS 0x0000000085f00000, 0x0000000085e00000| Untracked 
|  95|0x0000000085f00000, 0x0000000086000000, 0x0000000086000000|100%| O|  |TAMS 0x0000000086000000, 0x0000000085f00000| Untracked 
|  96|0x0000000086000000, 0x0000000086100000, 0x0000000086100000|100%| O|  |TAMS 0x0000000086100000, 0x0000000086000000| Untracked 
|  97|0x0000000086100000, 0x0000000086200000, 0x0000000086200000|100%| O|  |TAMS 0x0000000086200000, 0x0000000086100000| Untracked 
|  98|0x0000000086200000, 0x0000000086300000, 0x0000000086300000|100%| O|  |TAMS 0x0000000086300000, 0x0000000086200000| Untracked 
|  99|0x0000000086300000, 0x0000000086400000, 0x0000000086400000|100%| O|  |TAMS 0x0000000086400000, 0x0000000086300000| Untracked 
| 100|0x0000000086400000, 0x0000000086500000, 0x0000000086500000|100%| O|  |TAMS 0x0000000086500000, 0x0000000086400000| Untracked 
| 101|0x0000000086500000, 0x0000000086600000, 0x0000000086600000|100%| O|  |TAMS 0x0000000086500000, 0x0000000086500000| Untracked 
| 102|0x0000000086600000, 0x0000000086700000, 0x0000000086700000|100%| O|  |TAMS 0x0000000086700000, 0x0000000086600000| Untracked 
| 103|0x0000000086700000, 0x0000000086800000, 0x0000000086800000|100%| O|  |TAMS 0x0000000086800000, 0x0000000086700000| Untracked 
| 104|0x0000000086800000, 0x0000000086900000, 0x0000000086900000|100%| O|  |TAMS 0x0000000086900000, 0x0000000086800000| Untracked 
| 105|0x0000000086900000, 0x0000000086a00000, 0x0000000086a00000|100%| O|  |TAMS 0x0000000086a00000, 0x0000000086900000| Untracked 
| 106|0x0000000086a00000, 0x0000000086b00000, 0x0000000086b00000|100%| O|  |TAMS 0x0000000086b00000, 0x0000000086a00000| Untracked 
| 107|0x0000000086b00000, 0x0000000086c00000, 0x0000000086c00000|100%| O|  |TAMS 0x0000000086c00000, 0x0000000086b00000| Untracked 
| 108|0x0000000086c00000, 0x0000000086d00000, 0x0000000086d00000|100%| O|  |TAMS 0x0000000086d00000, 0x0000000086c00000| Untracked 
| 109|0x0000000086d00000, 0x0000000086e00000, 0x0000000086e00000|100%| O|  |TAMS 0x0000000086e00000, 0x0000000086d00000| Untracked 
| 110|0x0000000086e00000, 0x0000000086f00000, 0x0000000086f00000|100%| O|  |TAMS 0x0000000086f00000, 0x0000000086e00000| Untracked 
| 111|0x0000000086f00000, 0x0000000087000000, 0x0000000087000000|100%| O|  |TAMS 0x0000000087000000, 0x0000000086f00000| Untracked 
| 112|0x0000000087000000, 0x0000000087100000, 0x0000000087100000|100%| O|  |TAMS 0x0000000087100000, 0x0000000087000000| Untracked 
| 113|0x0000000087100000, 0x0000000087200000, 0x0000000087200000|100%|HS|  |TAMS 0x0000000087100000, 0x0000000087100000| Complete 
| 114|0x0000000087200000, 0x0000000087300000, 0x0000000087300000|100%|HC|  |TAMS 0x0000000087200000, 0x0000000087200000| Complete 
| 115|0x0000000087300000, 0x0000000087400000, 0x0000000087400000|100%| O|  |TAMS 0x0000000087300000, 0x0000000087300000| Untracked 
| 116|0x0000000087400000, 0x0000000087500000, 0x0000000087500000|100%| O|  |TAMS 0x0000000087400000, 0x0000000087400000| Untracked 
| 117|0x0000000087500000, 0x000000008752da00, 0x0000000087600000| 17%| O|  |TAMS 0x0000000087500000, 0x0000000087500000| Untracked 
| 118|0x0000000087600000, 0x0000000087600000, 0x0000000087700000|  0%| F|  |TAMS 0x0000000087600000, 0x0000000087600000| Untracked 
| 119|0x0000000087700000, 0x0000000087700000, 0x0000000087800000|  0%| F|  |TAMS 0x0000000087700000, 0x0000000087700000| Untracked 
| 120|0x0000000087800000, 0x0000000087800000, 0x0000000087900000|  0%| F|  |TAMS 0x0000000087800000, 0x0000000087800000| Untracked 
| 121|0x0000000087900000, 0x0000000087900000, 0x0000000087a00000|  0%| F|  |TAMS 0x0000000087900000, 0x0000000087900000| Untracked 
| 122|0x0000000087a00000, 0x0000000087a00000, 0x0000000087b00000|  0%| F|  |TAMS 0x0000000087a00000, 0x0000000087a00000| Untracked 
| 123|0x0000000087b00000, 0x0000000087b00000, 0x0000000087c00000|  0%| F|  |TAMS 0x0000000087b00000, 0x0000000087b00000| Untracked 
| 124|0x0000000087c00000, 0x0000000087c00000, 0x0000000087d00000|  0%| F|  |TAMS 0x0000000087c00000, 0x0000000087c00000| Untracked 
| 125|0x0000000087d00000, 0x0000000087d00000, 0x0000000087e00000|  0%| F|  |TAMS 0x0000000087d00000, 0x0000000087d00000| Untracked 
| 126|0x0000000087e00000, 0x0000000087e00000, 0x0000000087f00000|  0%| F|  |TAMS 0x0000000087e00000, 0x0000000087e00000| Untracked 
| 127|0x0000000087f00000, 0x0000000087f00000, 0x0000000088000000|  0%| F|  |TAMS 0x0000000087f00000, 0x0000000087f00000| Untracked 
| 128|0x0000000088000000, 0x0000000088000000, 0x0000000088100000|  0%| F|  |TAMS 0x0000000088000000, 0x0000000088000000| Untracked 
| 129|0x0000000088100000, 0x0000000088100000, 0x0000000088200000|  0%| F|  |TAMS 0x0000000088100000, 0x0000000088100000| Untracked 
| 130|0x0000000088200000, 0x0000000088200000, 0x0000000088300000|  0%| F|  |TAMS 0x0000000088200000, 0x0000000088200000| Untracked 
| 131|0x0000000088300000, 0x0000000088300000, 0x0000000088400000|  0%| F|  |TAMS 0x0000000088300000, 0x0000000088300000| Untracked 
| 132|0x0000000088400000, 0x0000000088400000, 0x0000000088500000|  0%| F|  |TAMS 0x0000000088400000, 0x0000000088400000| Untracked 
| 133|0x0000000088500000, 0x0000000088500000, 0x0000000088600000|  0%| F|  |TAMS 0x0000000088500000, 0x0000000088500000| Untracked 
| 134|0x0000000088600000, 0x0000000088600000, 0x0000000088700000|  0%| F|  |TAMS 0x0000000088600000, 0x0000000088600000| Untracked 
| 135|0x0000000088700000, 0x0000000088700000, 0x0000000088800000|  0%| F|  |TAMS 0x0000000088700000, 0x0000000088700000| Untracked 
| 136|0x0000000088800000, 0x0000000088800000, 0x0000000088900000|  0%| F|  |TAMS 0x0000000088800000, 0x0000000088800000| Untracked 
| 137|0x0000000088900000, 0x0000000088900000, 0x0000000088a00000|  0%| F|  |TAMS 0x0000000088900000, 0x0000000088900000| Untracked 
| 138|0x0000000088a00000, 0x0000000088a00000, 0x0000000088b00000|  0%| F|  |TAMS 0x0000000088a00000, 0x0000000088a00000| Untracked 
| 139|0x0000000088b00000, 0x0000000088b00000, 0x0000000088c00000|  0%| F|  |TAMS 0x0000000088b00000, 0x0000000088b00000| Untracked 
| 140|0x0000000088c00000, 0x0000000088c00000, 0x0000000088d00000|  0%| F|  |TAMS 0x0000000088c00000, 0x0000000088c00000| Untracked 
| 141|0x0000000088d00000, 0x0000000088d00000, 0x0000000088e00000|  0%| F|  |TAMS 0x0000000088d00000, 0x0000000088d00000| Untracked 
| 142|0x0000000088e00000, 0x0000000088e00000, 0x0000000088f00000|  0%| F|  |TAMS 0x0000000088e00000, 0x0000000088e00000| Untracked 
| 143|0x0000000088f00000, 0x0000000088f00000, 0x0000000089000000|  0%| F|  |TAMS 0x0000000088f00000, 0x0000000088f00000| Untracked 
| 144|0x0000000089000000, 0x0000000089000000, 0x0000000089100000|  0%| F|  |TAMS 0x0000000089000000, 0x0000000089000000| Untracked 
| 145|0x0000000089100000, 0x0000000089100000, 0x0000000089200000|  0%| F|  |TAMS 0x0000000089100000, 0x0000000089100000| Untracked 
| 146|0x0000000089200000, 0x0000000089200000, 0x0000000089300000|  0%| F|  |TAMS 0x0000000089200000, 0x0000000089200000| Untracked 
| 147|0x0000000089300000, 0x0000000089300000, 0x0000000089400000|  0%| F|  |TAMS 0x0000000089300000, 0x0000000089300000| Untracked 
| 148|0x0000000089400000, 0x0000000089400000, 0x0000000089500000|  0%| F|  |TAMS 0x0000000089400000, 0x0000000089400000| Untracked 
| 149|0x0000000089500000, 0x0000000089500000, 0x0000000089600000|  0%| F|  |TAMS 0x0000000089500000, 0x0000000089500000| Untracked 
| 150|0x0000000089600000, 0x0000000089600000, 0x0000000089700000|  0%| F|  |TAMS 0x0000000089600000, 0x0000000089600000| Untracked 
| 151|0x0000000089700000, 0x0000000089700000, 0x0000000089800000|  0%| F|  |TAMS 0x0000000089700000, 0x0000000089700000| Untracked 
| 152|0x0000000089800000, 0x0000000089800000, 0x0000000089900000|  0%| F|  |TAMS 0x0000000089800000, 0x0000000089800000| Untracked 
| 153|0x0000000089900000, 0x0000000089900000, 0x0000000089a00000|  0%| F|  |TAMS 0x0000000089900000, 0x0000000089900000| Untracked 
| 154|0x0000000089a00000, 0x0000000089a00000, 0x0000000089b00000|  0%| F|  |TAMS 0x0000000089a00000, 0x0000000089a00000| Untracked 
| 155|0x0000000089b00000, 0x0000000089b00000, 0x0000000089c00000|  0%| F|  |TAMS 0x0000000089b00000, 0x0000000089b00000| Untracked 
| 156|0x0000000089c00000, 0x0000000089c00000, 0x0000000089d00000|  0%| F|  |TAMS 0x0000000089c00000, 0x0000000089c00000| Untracked 
| 157|0x0000000089d00000, 0x0000000089d00000, 0x0000000089e00000|  0%| F|  |TAMS 0x0000000089d00000, 0x0000000089d00000| Untracked 
| 158|0x0000000089e00000, 0x0000000089e00000, 0x0000000089f00000|  0%| F|  |TAMS 0x0000000089e00000, 0x0000000089e00000| Untracked 
| 159|0x0000000089f00000, 0x0000000089f00000, 0x000000008a000000|  0%| F|  |TAMS 0x0000000089f00000, 0x0000000089f00000| Untracked 
| 160|0x000000008a000000, 0x000000008a000000, 0x000000008a100000|  0%| F|  |TAMS 0x000000008a000000, 0x000000008a000000| Untracked 
| 161|0x000000008a100000, 0x000000008a100000, 0x000000008a200000|  0%| F|  |TAMS 0x000000008a100000, 0x000000008a100000| Untracked 
| 162|0x000000008a200000, 0x000000008a280000, 0x000000008a300000| 50%| S|CS|TAMS 0x000000008a200000, 0x000000008a200000| Complete 
| 163|0x000000008a300000, 0x000000008a400000, 0x000000008a400000|100%| S|CS|TAMS 0x000000008a300000, 0x000000008a300000| Complete 
| 164|0x000000008a400000, 0x000000008a500000, 0x000000008a500000|100%| S|CS|TAMS 0x000000008a400000, 0x000000008a400000| Complete 
| 165|0x000000008a500000, 0x000000008a600000, 0x000000008a600000|100%| S|CS|TAMS 0x000000008a500000, 0x000000008a500000| Complete 
| 166|0x000000008a600000, 0x000000008a700000, 0x000000008a700000|100%| S|CS|TAMS 0x000000008a600000, 0x000000008a600000| Complete 
| 167|0x000000008a700000, 0x000000008a800000, 0x000000008a800000|100%| S|CS|TAMS 0x000000008a700000, 0x000000008a700000| Complete 
| 168|0x000000008a800000, 0x000000008a900000, 0x000000008a900000|100%| S|CS|TAMS 0x000000008a800000, 0x000000008a800000| Complete 
| 169|0x000000008a900000, 0x000000008aa00000, 0x000000008aa00000|100%| S|CS|TAMS 0x000000008a900000, 0x000000008a900000| Complete 
| 170|0x000000008aa00000, 0x000000008ab00000, 0x000000008ab00000|100%| S|CS|TAMS 0x000000008aa00000, 0x000000008aa00000| Complete 
| 171|0x000000008ab00000, 0x000000008ac00000, 0x000000008ac00000|100%| S|CS|TAMS 0x000000008ab00000, 0x000000008ab00000| Complete 
| 172|0x000000008ac00000, 0x000000008ad00000, 0x000000008ad00000|100%| S|CS|TAMS 0x000000008ac00000, 0x000000008ac00000| Complete 
| 173|0x000000008ad00000, 0x000000008ad00000, 0x000000008ae00000|  0%| F|  |TAMS 0x000000008ad00000, 0x000000008ad00000| Untracked 
| 174|0x000000008ae00000, 0x000000008ae00000, 0x000000008af00000|  0%| F|  |TAMS 0x000000008ae00000, 0x000000008ae00000| Untracked 
| 175|0x000000008af00000, 0x000000008af00000, 0x000000008b000000|  0%| F|  |TAMS 0x000000008af00000, 0x000000008af00000| Untracked 
| 176|0x000000008b000000, 0x000000008b000000, 0x000000008b100000|  0%| F|  |TAMS 0x000000008b000000, 0x000000008b000000| Untracked 
| 177|0x000000008b100000, 0x000000008b100000, 0x000000008b200000|  0%| F|  |TAMS 0x000000008b100000, 0x000000008b100000| Untracked 
| 178|0x000000008b200000, 0x000000008b200000, 0x000000008b300000|  0%| F|  |TAMS 0x000000008b200000, 0x000000008b200000| Untracked 
| 179|0x000000008b300000, 0x000000008b300000, 0x000000008b400000|  0%| F|  |TAMS 0x000000008b300000, 0x000000008b300000| Untracked 
| 180|0x000000008b400000, 0x000000008b400000, 0x000000008b500000|  0%| F|  |TAMS 0x000000008b400000, 0x000000008b400000| Untracked 
| 181|0x000000008b500000, 0x000000008b500000, 0x000000008b600000|  0%| F|  |TAMS 0x000000008b500000, 0x000000008b500000| Untracked 
| 182|0x000000008b600000, 0x000000008b600000, 0x000000008b700000|  0%| F|  |TAMS 0x000000008b600000, 0x000000008b600000| Untracked 
| 183|0x000000008b700000, 0x000000008b700000, 0x000000008b800000|  0%| F|  |TAMS 0x000000008b700000, 0x000000008b700000| Untracked 
| 184|0x000000008b800000, 0x000000008b800000, 0x000000008b900000|  0%| F|  |TAMS 0x000000008b800000, 0x000000008b800000| Untracked 
| 185|0x000000008b900000, 0x000000008b900000, 0x000000008ba00000|  0%| F|  |TAMS 0x000000008b900000, 0x000000008b900000| Untracked 
| 186|0x000000008ba00000, 0x000000008ba00000, 0x000000008bb00000|  0%| F|  |TAMS 0x000000008ba00000, 0x000000008ba00000| Untracked 
| 187|0x000000008bb00000, 0x000000008bb00000, 0x000000008bc00000|  0%| F|  |TAMS 0x000000008bb00000, 0x000000008bb00000| Untracked 
| 188|0x000000008bc00000, 0x000000008bc00000, 0x000000008bd00000|  0%| F|  |TAMS 0x000000008bc00000, 0x000000008bc00000| Untracked 
| 189|0x000000008bd00000, 0x000000008bd00000, 0x000000008be00000|  0%| F|  |TAMS 0x000000008bd00000, 0x000000008bd00000| Untracked 
| 190|0x000000008be00000, 0x000000008be00000, 0x000000008bf00000|  0%| F|  |TAMS 0x000000008be00000, 0x000000008be00000| Untracked 
| 191|0x000000008bf00000, 0x000000008bf00000, 0x000000008c000000|  0%| F|  |TAMS 0x000000008bf00000, 0x000000008bf00000| Untracked 
| 192|0x000000008c000000, 0x000000008c000000, 0x000000008c100000|  0%| F|  |TAMS 0x000000008c000000, 0x000000008c000000| Untracked 
| 193|0x000000008c100000, 0x000000008c100000, 0x000000008c200000|  0%| F|  |TAMS 0x000000008c100000, 0x000000008c100000| Untracked 
| 194|0x000000008c200000, 0x000000008c200000, 0x000000008c300000|  0%| F|  |TAMS 0x000000008c200000, 0x000000008c200000| Untracked 
| 195|0x000000008c300000, 0x000000008c300000, 0x000000008c400000|  0%| F|  |TAMS 0x000000008c300000, 0x000000008c300000| Untracked 
| 196|0x000000008c400000, 0x000000008c400000, 0x000000008c500000|  0%| F|  |TAMS 0x000000008c400000, 0x000000008c400000| Untracked 
| 197|0x000000008c500000, 0x000000008c500000, 0x000000008c600000|  0%| F|  |TAMS 0x000000008c500000, 0x000000008c500000| Untracked 
| 198|0x000000008c600000, 0x000000008c600000, 0x000000008c700000|  0%| F|  |TAMS 0x000000008c600000, 0x000000008c600000| Untracked 
| 199|0x000000008c700000, 0x000000008c700000, 0x000000008c800000|  0%| F|  |TAMS 0x000000008c700000, 0x000000008c700000| Untracked 
| 200|0x000000008c800000, 0x000000008c800000, 0x000000008c900000|  0%| F|  |TAMS 0x000000008c800000, 0x000000008c800000| Untracked 
| 201|0x000000008c900000, 0x000000008c900000, 0x000000008ca00000|  0%| F|  |TAMS 0x000000008c900000, 0x000000008c900000| Untracked 
| 202|0x000000008ca00000, 0x000000008ca00000, 0x000000008cb00000|  0%| F|  |TAMS 0x000000008ca00000, 0x000000008ca00000| Untracked 
| 203|0x000000008cb00000, 0x000000008cb00000, 0x000000008cc00000|  0%| F|  |TAMS 0x000000008cb00000, 0x000000008cb00000| Untracked 
| 204|0x000000008cc00000, 0x000000008cc00000, 0x000000008cd00000|  0%| F|  |TAMS 0x000000008cc00000, 0x000000008cc00000| Untracked 
| 205|0x000000008cd00000, 0x000000008cd00000, 0x000000008ce00000|  0%| F|  |TAMS 0x000000008cd00000, 0x000000008cd00000| Untracked 
| 206|0x000000008ce00000, 0x000000008ce00000, 0x000000008cf00000|  0%| F|  |TAMS 0x000000008ce00000, 0x000000008ce00000| Untracked 
| 207|0x000000008cf00000, 0x000000008cf00000, 0x000000008d000000|  0%| F|  |TAMS 0x000000008cf00000, 0x000000008cf00000| Untracked 
| 208|0x000000008d000000, 0x000000008d000000, 0x000000008d100000|  0%| F|  |TAMS 0x000000008d000000, 0x000000008d000000| Untracked 
| 209|0x000000008d100000, 0x000000008d100000, 0x000000008d200000|  0%| F|  |TAMS 0x000000008d100000, 0x000000008d100000| Untracked 
| 210|0x000000008d200000, 0x000000008d200000, 0x000000008d300000|  0%| F|  |TAMS 0x000000008d200000, 0x000000008d200000| Untracked 
| 211|0x000000008d300000, 0x000000008d300000, 0x000000008d400000|  0%| F|  |TAMS 0x000000008d300000, 0x000000008d300000| Untracked 
| 212|0x000000008d400000, 0x000000008d400000, 0x000000008d500000|  0%| F|  |TAMS 0x000000008d400000, 0x000000008d400000| Untracked 
| 213|0x000000008d500000, 0x000000008d500000, 0x000000008d600000|  0%| F|  |TAMS 0x000000008d500000, 0x000000008d500000| Untracked 
| 214|0x000000008d600000, 0x000000008d600000, 0x000000008d700000|  0%| F|  |TAMS 0x000000008d600000, 0x000000008d600000| Untracked 
| 215|0x000000008d700000, 0x000000008d700000, 0x000000008d800000|  0%| F|  |TAMS 0x000000008d700000, 0x000000008d700000| Untracked 
| 216|0x000000008d800000, 0x000000008d800000, 0x000000008d900000|  0%| F|  |TAMS 0x000000008d800000, 0x000000008d800000| Untracked 
| 217|0x000000008d900000, 0x000000008d900000, 0x000000008da00000|  0%| F|  |TAMS 0x000000008d900000, 0x000000008d900000| Untracked 
| 218|0x000000008da00000, 0x000000008da00000, 0x000000008db00000|  0%| F|  |TAMS 0x000000008da00000, 0x000000008da00000| Untracked 
| 219|0x000000008db00000, 0x000000008db00000, 0x000000008dc00000|  0%| F|  |TAMS 0x000000008db00000, 0x000000008db00000| Untracked 
| 220|0x000000008dc00000, 0x000000008dc00000, 0x000000008dd00000|  0%| F|  |TAMS 0x000000008dc00000, 0x000000008dc00000| Untracked 
| 221|0x000000008dd00000, 0x000000008dd00000, 0x000000008de00000|  0%| F|  |TAMS 0x000000008dd00000, 0x000000008dd00000| Untracked 
| 222|0x000000008de00000, 0x000000008de00000, 0x000000008df00000|  0%| F|  |TAMS 0x000000008de00000, 0x000000008de00000| Untracked 
| 223|0x000000008df00000, 0x000000008df00000, 0x000000008e000000|  0%| F|  |TAMS 0x000000008df00000, 0x000000008df00000| Untracked 
| 224|0x000000008e000000, 0x000000008e000000, 0x000000008e100000|  0%| F|  |TAMS 0x000000008e000000, 0x000000008e000000| Untracked 
| 225|0x000000008e100000, 0x000000008e100000, 0x000000008e200000|  0%| F|  |TAMS 0x000000008e100000, 0x000000008e100000| Untracked 
| 226|0x000000008e200000, 0x000000008e200000, 0x000000008e300000|  0%| F|  |TAMS 0x000000008e200000, 0x000000008e200000| Untracked 
| 227|0x000000008e300000, 0x000000008e300000, 0x000000008e400000|  0%| F|  |TAMS 0x000000008e300000, 0x000000008e300000| Untracked 
| 228|0x000000008e400000, 0x000000008e400000, 0x000000008e500000|  0%| F|  |TAMS 0x000000008e400000, 0x000000008e400000| Untracked 
| 229|0x000000008e500000, 0x000000008e500000, 0x000000008e600000|  0%| F|  |TAMS 0x000000008e500000, 0x000000008e500000| Untracked 
| 230|0x000000008e600000, 0x000000008e600000, 0x000000008e700000|  0%| F|  |TAMS 0x000000008e600000, 0x000000008e600000| Untracked 
| 231|0x000000008e700000, 0x000000008e700000, 0x000000008e800000|  0%| F|  |TAMS 0x000000008e700000, 0x000000008e700000| Untracked 
| 232|0x000000008e800000, 0x000000008e800000, 0x000000008e900000|  0%| F|  |TAMS 0x000000008e800000, 0x000000008e800000| Untracked 
| 233|0x000000008e900000, 0x000000008e900000, 0x000000008ea00000|  0%| F|  |TAMS 0x000000008e900000, 0x000000008e900000| Untracked 
| 234|0x000000008ea00000, 0x000000008ea00000, 0x000000008eb00000|  0%| F|  |TAMS 0x000000008ea00000, 0x000000008ea00000| Untracked 
| 235|0x000000008eb00000, 0x000000008eb00000, 0x000000008ec00000|  0%| F|  |TAMS 0x000000008eb00000, 0x000000008eb00000| Untracked 
| 236|0x000000008ec00000, 0x000000008ec00000, 0x000000008ed00000|  0%| F|  |TAMS 0x000000008ec00000, 0x000000008ec00000| Untracked 
| 237|0x000000008ed00000, 0x000000008ed00000, 0x000000008ee00000|  0%| F|  |TAMS 0x000000008ed00000, 0x000000008ed00000| Untracked 
| 238|0x000000008ee00000, 0x000000008ee00000, 0x000000008ef00000|  0%| F|  |TAMS 0x000000008ee00000, 0x000000008ee00000| Untracked 
| 239|0x000000008ef00000, 0x000000008f000000, 0x000000008f000000|100%| E|  |TAMS 0x000000008ef00000, 0x000000008ef00000| Complete 
| 240|0x000000008f000000, 0x000000008f100000, 0x000000008f100000|100%| E|CS|TAMS 0x000000008f000000, 0x000000008f000000| Complete 
| 241|0x000000008f100000, 0x000000008f200000, 0x000000008f200000|100%| E|CS|TAMS 0x000000008f100000, 0x000000008f100000| Complete 
| 242|0x000000008f200000, 0x000000008f300000, 0x000000008f300000|100%| E|CS|TAMS 0x000000008f200000, 0x000000008f200000| Complete 
| 243|0x000000008f300000, 0x000000008f400000, 0x000000008f400000|100%| E|CS|TAMS 0x000000008f300000, 0x000000008f300000| Complete 
| 244|0x000000008f400000, 0x000000008f500000, 0x000000008f500000|100%| E|CS|TAMS 0x000000008f400000, 0x000000008f400000| Complete 
| 245|0x000000008f500000, 0x000000008f600000, 0x000000008f600000|100%| E|CS|TAMS 0x000000008f500000, 0x000000008f500000| Complete 
| 246|0x000000008f600000, 0x000000008f700000, 0x000000008f700000|100%| E|CS|TAMS 0x000000008f600000, 0x000000008f600000| Complete 
| 247|0x000000008f700000, 0x000000008f800000, 0x000000008f800000|100%| E|CS|TAMS 0x000000008f700000, 0x000000008f700000| Complete 
| 248|0x000000008f800000, 0x000000008f900000, 0x000000008f900000|100%| E|CS|TAMS 0x000000008f800000, 0x000000008f800000| Complete 
| 249|0x000000008f900000, 0x000000008fa00000, 0x000000008fa00000|100%| E|CS|TAMS 0x000000008f900000, 0x000000008f900000| Complete 
| 250|0x000000008fa00000, 0x000000008fb00000, 0x000000008fb00000|100%| E|CS|TAMS 0x000000008fa00000, 0x000000008fa00000| Complete 
| 251|0x000000008fb00000, 0x000000008fc00000, 0x000000008fc00000|100%| E|CS|TAMS 0x000000008fb00000, 0x000000008fb00000| Complete 
| 252|0x000000008fc00000, 0x000000008fd00000, 0x000000008fd00000|100%| E|CS|TAMS 0x000000008fc00000, 0x000000008fc00000| Complete 
| 253|0x000000008fd00000, 0x000000008fe00000, 0x000000008fe00000|100%| E|CS|TAMS 0x000000008fd00000, 0x000000008fd00000| Complete 
| 254|0x000000008fe00000, 0x000000008ff00000, 0x000000008ff00000|100%| E|CS|TAMS 0x000000008fe00000, 0x000000008fe00000| Complete 
| 255|0x000000008ff00000, 0x0000000090000000, 0x0000000090000000|100%| E|CS|TAMS 0x000000008ff00000, 0x000000008ff00000| Complete 
| 256|0x0000000090000000, 0x0000000090100000, 0x0000000090100000|100%| E|CS|TAMS 0x0000000090000000, 0x0000000090000000| Complete 
| 257|0x0000000090100000, 0x0000000090200000, 0x0000000090200000|100%| E|CS|TAMS 0x0000000090100000, 0x0000000090100000| Complete 
| 258|0x0000000090200000, 0x0000000090300000, 0x0000000090300000|100%| E|CS|TAMS 0x0000000090200000, 0x0000000090200000| Complete 
| 259|0x0000000090300000, 0x0000000090400000, 0x0000000090400000|100%| E|CS|TAMS 0x0000000090300000, 0x0000000090300000| Complete 
| 260|0x0000000090400000, 0x0000000090500000, 0x0000000090500000|100%| E|CS|TAMS 0x0000000090400000, 0x0000000090400000| Complete 
| 261|0x0000000090500000, 0x0000000090600000, 0x0000000090600000|100%| E|CS|TAMS 0x0000000090500000, 0x0000000090500000| Complete 
| 262|0x0000000090600000, 0x0000000090700000, 0x0000000090700000|100%| E|CS|TAMS 0x0000000090600000, 0x0000000090600000| Complete 
| 263|0x0000000090700000, 0x0000000090800000, 0x0000000090800000|100%| E|CS|TAMS 0x0000000090700000, 0x0000000090700000| Complete 
| 264|0x0000000090800000, 0x0000000090900000, 0x0000000090900000|100%| E|CS|TAMS 0x0000000090800000, 0x0000000090800000| Complete 
| 265|0x0000000090900000, 0x0000000090a00000, 0x0000000090a00000|100%| E|CS|TAMS 0x0000000090900000, 0x0000000090900000| Complete 
| 266|0x0000000090a00000, 0x0000000090b00000, 0x0000000090b00000|100%| E|CS|TAMS 0x0000000090a00000, 0x0000000090a00000| Complete 
| 267|0x0000000090b00000, 0x0000000090c00000, 0x0000000090c00000|100%| E|CS|TAMS 0x0000000090b00000, 0x0000000090b00000| Complete 
| 268|0x0000000090c00000, 0x0000000090d00000, 0x0000000090d00000|100%| E|CS|TAMS 0x0000000090c00000, 0x0000000090c00000| Complete 
| 269|0x0000000090d00000, 0x0000000090e00000, 0x0000000090e00000|100%| E|CS|TAMS 0x0000000090d00000, 0x0000000090d00000| Complete 
| 270|0x0000000090e00000, 0x0000000090f00000, 0x0000000090f00000|100%| E|CS|TAMS 0x0000000090e00000, 0x0000000090e00000| Complete 
| 271|0x0000000090f00000, 0x0000000091000000, 0x0000000091000000|100%| E|CS|TAMS 0x0000000090f00000, 0x0000000090f00000| Complete 
| 272|0x0000000091000000, 0x0000000091100000, 0x0000000091100000|100%| E|CS|TAMS 0x0000000091000000, 0x0000000091000000| Complete 
| 273|0x0000000091100000, 0x0000000091200000, 0x0000000091200000|100%| E|CS|TAMS 0x0000000091100000, 0x0000000091100000| Complete 
| 274|0x0000000091200000, 0x0000000091300000, 0x0000000091300000|100%| E|CS|TAMS 0x0000000091200000, 0x0000000091200000| Complete 
| 275|0x0000000091300000, 0x0000000091400000, 0x0000000091400000|100%| E|CS|TAMS 0x0000000091300000, 0x0000000091300000| Complete 
| 276|0x0000000091400000, 0x0000000091500000, 0x0000000091500000|100%| E|CS|TAMS 0x0000000091400000, 0x0000000091400000| Complete 
| 277|0x0000000091500000, 0x0000000091600000, 0x0000000091600000|100%| E|CS|TAMS 0x0000000091500000, 0x0000000091500000| Complete 
| 278|0x0000000091600000, 0x0000000091700000, 0x0000000091700000|100%| E|CS|TAMS 0x0000000091600000, 0x0000000091600000| Complete 
| 279|0x0000000091700000, 0x0000000091800000, 0x0000000091800000|100%| E|CS|TAMS 0x0000000091700000, 0x0000000091700000| Complete 
| 280|0x0000000091800000, 0x0000000091900000, 0x0000000091900000|100%| E|CS|TAMS 0x0000000091800000, 0x0000000091800000| Complete 
| 281|0x0000000091900000, 0x0000000091a00000, 0x0000000091a00000|100%| E|CS|TAMS 0x0000000091900000, 0x0000000091900000| Complete 
| 282|0x0000000091a00000, 0x0000000091b00000, 0x0000000091b00000|100%| E|CS|TAMS 0x0000000091a00000, 0x0000000091a00000| Complete 
| 283|0x0000000091b00000, 0x0000000091c00000, 0x0000000091c00000|100%| E|CS|TAMS 0x0000000091b00000, 0x0000000091b00000| Complete 
| 284|0x0000000091c00000, 0x0000000091d00000, 0x0000000091d00000|100%| E|CS|TAMS 0x0000000091c00000, 0x0000000091c00000| Complete 
| 285|0x0000000091d00000, 0x0000000091e00000, 0x0000000091e00000|100%| E|CS|TAMS 0x0000000091d00000, 0x0000000091d00000| Complete 
| 286|0x0000000091e00000, 0x0000000091f00000, 0x0000000091f00000|100%| E|CS|TAMS 0x0000000091e00000, 0x0000000091e00000| Complete 
| 287|0x0000000091f00000, 0x0000000092000000, 0x0000000092000000|100%| E|CS|TAMS 0x0000000091f00000, 0x0000000091f00000| Complete 
| 288|0x0000000092000000, 0x0000000092100000, 0x0000000092100000|100%| E|CS|TAMS 0x0000000092000000, 0x0000000092000000| Complete 
| 289|0x0000000092100000, 0x0000000092200000, 0x0000000092200000|100%| E|CS|TAMS 0x0000000092100000, 0x0000000092100000| Complete 
| 290|0x0000000092200000, 0x0000000092300000, 0x0000000092300000|100%| E|CS|TAMS 0x0000000092200000, 0x0000000092200000| Complete 
| 291|0x0000000092300000, 0x0000000092400000, 0x0000000092400000|100%| E|CS|TAMS 0x0000000092300000, 0x0000000092300000| Complete 
| 292|0x0000000092400000, 0x0000000092500000, 0x0000000092500000|100%| E|CS|TAMS 0x0000000092400000, 0x0000000092400000| Complete 
| 293|0x0000000092500000, 0x0000000092600000, 0x0000000092600000|100%| E|CS|TAMS 0x0000000092500000, 0x0000000092500000| Complete 
| 294|0x0000000092600000, 0x0000000092700000, 0x0000000092700000|100%| E|CS|TAMS 0x0000000092600000, 0x0000000092600000| Complete 
| 295|0x0000000092700000, 0x0000000092800000, 0x0000000092800000|100%| E|CS|TAMS 0x0000000092700000, 0x0000000092700000| Complete 
| 296|0x0000000092800000, 0x0000000092900000, 0x0000000092900000|100%| E|CS|TAMS 0x0000000092800000, 0x0000000092800000| Complete 
| 297|0x0000000092900000, 0x0000000092a00000, 0x0000000092a00000|100%| E|CS|TAMS 0x0000000092900000, 0x0000000092900000| Complete 
| 298|0x0000000092a00000, 0x0000000092b00000, 0x0000000092b00000|100%| E|CS|TAMS 0x0000000092a00000, 0x0000000092a00000| Complete 
| 299|0x0000000092b00000, 0x0000000092c00000, 0x0000000092c00000|100%| E|CS|TAMS 0x0000000092b00000, 0x0000000092b00000| Complete 
| 300|0x0000000092c00000, 0x0000000092d00000, 0x0000000092d00000|100%| E|CS|TAMS 0x0000000092c00000, 0x0000000092c00000| Complete 
| 301|0x0000000092d00000, 0x0000000092e00000, 0x0000000092e00000|100%| E|CS|TAMS 0x0000000092d00000, 0x0000000092d00000| Complete 
| 302|0x0000000092e00000, 0x0000000092f00000, 0x0000000092f00000|100%| E|CS|TAMS 0x0000000092e00000, 0x0000000092e00000| Complete 
| 303|0x0000000092f00000, 0x0000000093000000, 0x0000000093000000|100%| E|CS|TAMS 0x0000000092f00000, 0x0000000092f00000| Complete 
| 304|0x0000000093000000, 0x0000000093100000, 0x0000000093100000|100%| E|CS|TAMS 0x0000000093000000, 0x0000000093000000| Complete 
| 305|0x0000000093100000, 0x0000000093200000, 0x0000000093200000|100%| E|CS|TAMS 0x0000000093100000, 0x0000000093100000| Complete 
| 306|0x0000000093200000, 0x0000000093300000, 0x0000000093300000|100%| E|CS|TAMS 0x0000000093200000, 0x0000000093200000| Complete 
| 307|0x0000000093300000, 0x0000000093400000, 0x0000000093400000|100%| E|CS|TAMS 0x0000000093300000, 0x0000000093300000| Complete 
| 308|0x0000000093400000, 0x0000000093500000, 0x0000000093500000|100%| E|CS|TAMS 0x0000000093400000, 0x0000000093400000| Complete 
| 309|0x0000000093500000, 0x0000000093600000, 0x0000000093600000|100%| E|CS|TAMS 0x0000000093500000, 0x0000000093500000| Complete 
| 310|0x0000000093600000, 0x0000000093700000, 0x0000000093700000|100%| E|CS|TAMS 0x0000000093600000, 0x0000000093600000| Complete 
| 311|0x0000000093700000, 0x0000000093800000, 0x0000000093800000|100%| E|CS|TAMS 0x0000000093700000, 0x0000000093700000| Complete 
| 312|0x0000000093800000, 0x0000000093900000, 0x0000000093900000|100%| E|CS|TAMS 0x0000000093800000, 0x0000000093800000| Complete 
| 313|0x0000000093900000, 0x0000000093a00000, 0x0000000093a00000|100%| E|CS|TAMS 0x0000000093900000, 0x0000000093900000| Complete 
| 314|0x0000000093a00000, 0x0000000093b00000, 0x0000000093b00000|100%| E|CS|TAMS 0x0000000093a00000, 0x0000000093a00000| Complete 
| 315|0x0000000093b00000, 0x0000000093c00000, 0x0000000093c00000|100%| E|CS|TAMS 0x0000000093b00000, 0x0000000093b00000| Complete 
| 316|0x0000000093c00000, 0x0000000093d00000, 0x0000000093d00000|100%| E|CS|TAMS 0x0000000093c00000, 0x0000000093c00000| Complete 
| 317|0x0000000093d00000, 0x0000000093e00000, 0x0000000093e00000|100%| E|CS|TAMS 0x0000000093d00000, 0x0000000093d00000| Complete 
| 318|0x0000000093e00000, 0x0000000093f00000, 0x0000000093f00000|100%| E|CS|TAMS 0x0000000093e00000, 0x0000000093e00000| Complete 
| 319|0x0000000093f00000, 0x0000000094000000, 0x0000000094000000|100%| E|CS|TAMS 0x0000000093f00000, 0x0000000093f00000| Complete 
| 320|0x0000000094000000, 0x0000000094100000, 0x0000000094100000|100%| E|CS|TAMS 0x0000000094000000, 0x0000000094000000| Complete 

Card table byte_map: [0x000002467dd10000,0x000002467e110000] _byte_map_base: 0x000002467d910000

Marking Bits (Prev, Next): (CMBitMap*) 0x000002466a81e230, (CMBitMap*) 0x000002466a81e1f8
 Prev Bits: [0x0000024602000000, 0x0000024604000000)
 Next Bits: [0x0000024600000000, 0x0000024602000000)

Polling page: 0x0000024668f90000

Metaspace:

Usage:
  Non-class:     99.42 MB capacity,    97.76 MB ( 98%) used,     1.36 MB (  1%) free+waste,   307.69 KB ( <1%) overhead. 
      Class:     14.79 MB capacity,    13.86 MB ( 94%) used,   816.27 KB (  5%) free+waste,   137.94 KB ( <1%) overhead. 
       Both:    114.21 MB capacity,   111.61 MB ( 98%) used,     2.16 MB (  2%) free+waste,   445.63 KB ( <1%) overhead. 

Virtual space:
  Non-class space:      100.00 MB reserved,      99.52 MB (>99%) committed 
      Class space:        1.00 GB reserved,      14.90 MB (  1%) committed 
             Both:        1.10 GB reserved,     114.41 MB ( 10%) committed 

Chunk freelists:
   Non-Class:  38.00 KB
       Class:  23.00 KB
        Both:  61.00 KB

MaxMetaspaceSize: 17179869184.00 GB
CompressedClassSpaceSize: 1.00 GB
Initial GC threshold: 20.80 MB
Current GC threshold: 176.52 MB
CDS: off

CodeHeap 'non-profiled nmethods': size=120064Kb used=13003Kb max_used=13306Kb free=107061Kb
 bounds [0x0000024675db0000, 0x0000024676ab0000, 0x000002467d2f0000]
CodeHeap 'profiled nmethods': size=120000Kb used=32916Kb max_used=35380Kb free=87083Kb
 bounds [0x000002466e880000, 0x0000024670b20000, 0x0000024675db0000]
CodeHeap 'non-nmethods': size=5696Kb used=2455Kb max_used=2488Kb free=3240Kb
 bounds [0x000002466e2f0000, 0x000002466e580000, 0x000002466e880000]
 total_blobs=15463 nmethods=14478 adapters=896
 compilation: enabled
              stopped_count=0, restarted_count=0
 full_count=0

Compilation events (20 events):
Event: 2043.900 Thread 0x000002467eb2d000 17079       2       com.android.builder.testing.MockableJarGenerator::skipEntry (56 bytes)
Event: 2043.900 Thread 0x000002467eb2d000 nmethod 17079 0x0000024670b0bb90 code [0x0000024670b0bd80, 0x0000024670b0bfd8]
Event: 2043.918 Thread 0x000002467eb2d000 17080       2       java.util.Vector$Itr::hasNext (20 bytes)
Event: 2043.919 Thread 0x000002467eb2d000 nmethod 17080 0x0000024670b0c190 code [0x0000024670b0c340, 0x0000024670b0c458]
Event: 2043.919 Thread 0x000002467eb2d000 17081   !   2       java.util.Vector$Itr::next (63 bytes)
Event: 2043.919 Thread 0x000002467eb2d000 nmethod 17081 0x0000024670b0c510 code [0x0000024670b0c700, 0x0000024670b0cb78]
Event: 2043.919 Thread 0x000002467eb2d000 17082       2       java.util.Vector$Itr::checkForComodification (23 bytes)
Event: 2043.919 Thread 0x000002467eb2d000 nmethod 17082 0x0000024670b0cf10 code [0x0000024670b0d0e0, 0x0000024670b0d2a8]
Event: 2043.919 Thread 0x000002467eb2d000 17083       2       java.util.zip.ZipOutputStream::writeCEN (749 bytes)
Event: 2043.921 Thread 0x000002467eb2d000 nmethod 17083 0x0000024670b0d390 code [0x0000024670b0d7c0, 0x0000024670b0e6e8]
Event: 2043.921 Thread 0x000002467eb2d000 17084       2       java.util.zip.ZipOutputStream::versionMadeBy (21 bytes)
Event: 2043.921 Thread 0x000002467eb2d000 nmethod 17084 0x0000024670b0f410 code [0x0000024670b0f5c0, 0x0000024670b0f6d8]
Event: 2043.928 Thread 0x000002467eb2d000 17087  s!   2       jdk.internal.loader.URLClassPath::getLoader (194 bytes)
Event: 2043.929 Thread 0x000002467eb2d000 nmethod 17087 0x0000024670b0f790 code [0x0000024670b0fa20, 0x0000024670b10588]
Event: 2043.937 Thread 0x000002467eb2d000 17088       2       java.util.LinkedList::remove (77 bytes)
Event: 2043.937 Thread 0x000002467eb2d000 nmethod 17088 0x0000024670b10c10 code [0x0000024670b10e00, 0x0000024670b110a8]
Event: 2043.968 Thread 0x000002467eb2d000 17090       2       com.google.common.collect.Iterators::emptyListIterator (4 bytes)
Event: 2043.968 Thread 0x000002467eb2d000 nmethod 17090 0x000002466ea98f90 code [0x000002466ea99140, 0x000002466ea99218]
Event: 2043.987 Thread 0x000002467eb2d000 17091       2       com.google.common.cache.LocalCache$EntryFactory::copyAccessEntry (37 bytes)
Event: 2043.987 Thread 0x000002467eb2d000 nmethod 17091 0x0000024670b11210 code [0x0000024670b11440, 0x0000024670b11718]

GC Heap History (20 events):
Event: 917.262 GC heap before
{Heap before GC invocations=68 (full 0):
 garbage-first heap   total 328704K, used 281922K [0x0000000080000000, 0x0000000100000000)
  region size 1024K, 192 young (196608K), 17 survivors (17408K)
 Metaspace       used 94748K, capacity 97213K, committed 97408K, reserved 1134592K
  class space    used 11862K, capacity 12699K, committed 12748K, reserved 1048576K
}
Event: 917.305 GC heap after
{Heap after GC invocations=69 (full 0):
 garbage-first heap   total 328704K, used 114792K [0x0000000080000000, 0x0000000100000000)
  region size 1024K, 22 young (22528K), 22 survivors (22528K)
 Metaspace       used 94748K, capacity 97213K, committed 97408K, reserved 1134592K
  class space    used 11862K, capacity 12699K, committed 12748K, reserved 1048576K
}
Event: 1051.930 GC heap before
{Heap before GC invocations=69 (full 0):
 garbage-first heap   total 328704K, used 234600K [0x0000000080000000, 0x0000000100000000)
  region size 1024K, 140 young (143360K), 22 survivors (22528K)
 Metaspace       used 98345K, capacity 100811K, committed 100908K, reserved 1136640K
  class space    used 12343K, capacity 13230K, committed 13260K, reserved 1048576K
}
Event: 1051.956 GC heap after
{Heap after GC invocations=70 (full 0):
 garbage-first heap   total 328704K, used 118163K [0x0000000080000000, 0x0000000100000000)
  region size 1024K, 15 young (15360K), 15 survivors (15360K)
 Metaspace       used 98345K, capacity 100811K, committed 100908K, reserved 1136640K
  class space    used 12343K, capacity 13230K, committed 13260K, reserved 1048576K
}
Event: 1058.456 GC heap before
{Heap before GC invocations=71 (full 0):
 garbage-first heap   total 328704K, used 274835K [0x0000000080000000, 0x0000000100000000)
  region size 1024K, 168 young (172032K), 15 survivors (15360K)
 Metaspace       used 105625K, capacity 108170K, committed 108328K, reserved 1144832K
  class space    used 13192K, capacity 14102K, committed 14104K, reserved 1048576K
}
Event: 1058.480 GC heap after
{Heap after GC invocations=72 (full 0):
 garbage-first heap   total 328704K, used 124416K [0x0000000080000000, 0x0000000100000000)
  region size 1024K, 10 young (10240K), 10 survivors (10240K)
 Metaspace       used 105625K, capacity 108170K, committed 108328K, reserved 1144832K
  class space    used 13192K, capacity 14102K, committed 14104K, reserved 1048576K
}
Event: 1154.914 GC heap before
{Heap before GC invocations=73 (full 0):
 garbage-first heap   total 328704K, used 273920K [0x0000000080000000, 0x0000000100000000)
  region size 1024K, 157 young (160768K), 10 survivors (10240K)
 Metaspace       used 105962K, capacity 108334K, committed 108712K, reserved 1144832K
  class space    used 13211K, capacity 14079K, committed 14232K, reserved 1048576K
}
Event: 1154.941 GC heap after
{Heap after GC invocations=74 (full 0):
 garbage-first heap   total 328704K, used 123356K [0x0000000080000000, 0x0000000100000000)
  region size 1024K, 9 young (9216K), 9 survivors (9216K)
 Metaspace       used 105962K, capacity 108334K, committed 108712K, reserved 1144832K
  class space    used 13211K, capacity 14079K, committed 14232K, reserved 1048576K
}
Event: 1422.391 GC heap before
{Heap before GC invocations=74 (full 0):
 garbage-first heap   total 328704K, used 277980K [0x0000000080000000, 0x0000000100000000)
  region size 1024K, 160 young (163840K), 9 survivors (9216K)
 Metaspace       used 105988K, capacity 108399K, committed 108712K, reserved 1144832K
  class space    used 13211K, capacity 14079K, committed 14232K, reserved 1048576K
}
Event: 1422.412 GC heap after
{Heap after GC invocations=75 (full 0):
 garbage-first heap   total 328704K, used 122264K [0x0000000080000000, 0x0000000100000000)
  region size 1024K, 8 young (8192K), 8 survivors (8192K)
 Metaspace       used 105988K, capacity 108399K, committed 108712K, reserved 1144832K
  class space    used 13211K, capacity 14079K, committed 14232K, reserved 1048576K
}
Event: 1684.845 GC heap before
{Heap before GC invocations=75 (full 0):
 garbage-first heap   total 328704K, used 280984K [0x0000000080000000, 0x0000000100000000)
  region size 1024K, 163 young (166912K), 8 survivors (8192K)
 Metaspace       used 106006K, capacity 108463K, committed 108712K, reserved 1144832K
  class space    used 13211K, capacity 14079K, committed 14232K, reserved 1048576K
}
Event: 1684.866 GC heap after
{Heap after GC invocations=76 (full 0):
 garbage-first heap   total 328704K, used 121856K [0x0000000080000000, 0x0000000100000000)
  region size 1024K, 7 young (7168K), 7 survivors (7168K)
 Metaspace       used 106006K, capacity 108463K, committed 108712K, reserved 1144832K
  class space    used 13211K, capacity 14079K, committed 14232K, reserved 1048576K
}
Event: 1839.065 GC heap before
{Heap before GC invocations=76 (full 0):
 garbage-first heap   total 328704K, used 283648K [0x0000000080000000, 0x0000000100000000)
  region size 1024K, 165 young (168960K), 7 survivors (7168K)
 Metaspace       used 106548K, capacity 108985K, committed 109224K, reserved 1144832K
  class space    used 13260K, capacity 14145K, committed 14232K, reserved 1048576K
}
Event: 1839.083 GC heap after
{Heap after GC invocations=77 (full 0):
 garbage-first heap   total 328704K, used 123218K [0x0000000080000000, 0x0000000100000000)
  region size 1024K, 9 young (9216K), 9 survivors (9216K)
 Metaspace       used 106548K, capacity 108985K, committed 109224K, reserved 1144832K
  class space    used 13260K, capacity 14145K, committed 14232K, reserved 1048576K
}
Event: 1958.920 GC heap before
{Heap before GC invocations=77 (full 0):
 garbage-first heap   total 328704K, used 283986K [0x0000000080000000, 0x0000000100000000)
  region size 1024K, 166 young (169984K), 9 survivors (9216K)
 Metaspace       used 108778K, capacity 111140K, committed 111528K, reserved 1146880K
  class space    used 13492K, capacity 14352K, committed 14488K, reserved 1048576K
}
Event: 1958.944 GC heap after
{Heap after GC invocations=78 (full 0):
 garbage-first heap   total 328704K, used 123904K [0x0000000080000000, 0x0000000100000000)
  region size 1024K, 9 young (9216K), 9 survivors (9216K)
 Metaspace       used 108778K, capacity 111140K, committed 111528K, reserved 1146880K
  class space    used 13492K, capacity 14352K, committed 14488K, reserved 1048576K
}
Event: 2042.623 GC heap before
{Heap before GC invocations=78 (full 0):
 garbage-first heap   total 328704K, used 287744K [0x0000000080000000, 0x0000000100000000)
  region size 1024K, 167 young (171008K), 9 survivors (9216K)
 Metaspace       used 112161K, capacity 114759K, committed 114856K, reserved 1148928K
  class space    used 13946K, capacity 14928K, committed 15000K, reserved 1048576K
}
Event: 2042.640 GC heap after
{Heap after GC invocations=79 (full 0):
 garbage-first heap   total 328704K, used 129439K [0x0000000080000000, 0x0000000100000000)
  region size 1024K, 13 young (13312K), 13 survivors (13312K)
 Metaspace       used 112161K, capacity 114759K, committed 114856K, reserved 1148928K
  class space    used 13946K, capacity 14928K, committed 15000K, reserved 1048576K
}
Event: 2043.597 GC heap before
{Heap before GC invocations=79 (full 0):
 garbage-first heap   total 328704K, used 280991K [0x0000000080000000, 0x0000000100000000)
  region size 1024K, 161 young (164864K), 13 survivors (13312K)
 Metaspace       used 112177K, capacity 114759K, committed 114856K, reserved 1148928K
  class space    used 13946K, capacity 14928K, committed 15000K, reserved 1048576K
}
Event: 2043.617 GC heap after
{Heap after GC invocations=80 (full 0):
 garbage-first heap   total 328704K, used 130742K [0x0000000080000000, 0x0000000100000000)
  region size 1024K, 11 young (11264K), 11 survivors (11264K)
 Metaspace       used 112177K, capacity 114759K, committed 114856K, reserved 1148928K
  class space    used 13946K, capacity 14928K, committed 15000K, reserved 1048576K
}

Deoptimization events (20 events):
Event: 2043.220 Thread 0x00000246081b0000 DEOPT PACKING pc=0x0000024670a70aa6 sp=0x0000006d900fac40
Event: 2043.220 Thread 0x00000246081b0000 DEOPT UNPACKING pc=0x000002466e33a95e sp=0x0000006d900fa120 mode 0
Event: 2043.251 Thread 0x00000246081b0000 Uncommon trap: trap_request=0xffffff4d fr.pc=0x0000024676a645e8 relative=0x0000000000002648
Event: 2043.251 Thread 0x00000246081b0000 Uncommon trap: reason=unstable_if action=reinterpret pc=0x0000024676a645e8 method=org.objectweb.asm.Frame.execute(IILorg/objectweb/asm/Symbol;Lorg/objectweb/asm/SymbolTable;)V @ 1 c2
Event: 2043.251 Thread 0x00000246081b0000 DEOPT PACKING pc=0x0000024676a645e8 sp=0x0000006d900fad40
Event: 2043.251 Thread 0x00000246081b0000 DEOPT UNPACKING pc=0x000002466e33a1af sp=0x0000006d900face8 mode 2
Event: 2043.275 Thread 0x00000246081b0000 DEOPT PACKING pc=0x0000024670a2710b sp=0x0000006d900fa990
Event: 2043.275 Thread 0x00000246081b0000 DEOPT UNPACKING pc=0x000002466e33a95e sp=0x0000006d900fa000 mode 0
Event: 2043.671 Thread 0x00000246081b0000 Uncommon trap: trap_request=0xffffff4d fr.pc=0x0000024676a9894c relative=0x0000000000005fec
Event: 2043.671 Thread 0x00000246081b0000 Uncommon trap: reason=unstable_if action=reinterpret pc=0x0000024676a9894c method=org.objectweb.asm.tree.MethodNode.accept(Lorg/objectweb/asm/MethodVisitor;)V @ 51 c2
Event: 2043.671 Thread 0x00000246081b0000 DEOPT PACKING pc=0x0000024676a9894c sp=0x0000006d900faef0
Event: 2043.671 Thread 0x00000246081b0000 DEOPT UNPACKING pc=0x000002466e33a1af sp=0x0000006d900faf20 mode 2
Event: 2043.986 Thread 0x00000246081b0000 Uncommon trap: trap_request=0xffffff4d fr.pc=0x0000024675e31420 relative=0x0000000000000640
Event: 2043.986 Thread 0x00000246081b0000 Uncommon trap: reason=unstable_if action=reinterpret pc=0x0000024675e31420 method=java.io.File.getParent()Ljava/lang/String; @ 16 c2
Event: 2043.986 Thread 0x00000246081b0000 DEOPT PACKING pc=0x0000024675e31420 sp=0x0000006d900fc430
Event: 2043.986 Thread 0x00000246081b0000 DEOPT UNPACKING pc=0x000002466e33a1af sp=0x0000006d900fc3a8 mode 2
Event: 2043.987 Thread 0x00000246081b0000 Uncommon trap: trap_request=0xffffff4d fr.pc=0x00000246760835cc relative=0x000000000000058c
Event: 2043.987 Thread 0x00000246081b0000 Uncommon trap: reason=unstable_if action=reinterpret pc=0x00000246760835cc method=java.io.File.getParent()Ljava/lang/String; @ 16 c2
Event: 2043.987 Thread 0x00000246081b0000 DEOPT PACKING pc=0x00000246760835cc sp=0x0000006d900fc3e0
Event: 2043.987 Thread 0x00000246081b0000 DEOPT UNPACKING pc=0x000002466e33a1af sp=0x0000006d900fc3b0 mode 2

Classes redefined (0 events):
No events

Internal exceptions (20 events):
Event: 2041.545 Thread 0x0000024607e77000 Exception <a 'sun/nio/fs/WindowsException'{0x000000008ebfab10}> (0x000000008ebfab10) thrown at [./src/hotspot/share/prims/jni.cpp, line 615]
Event: 2041.545 Thread 0x0000024607e77000 Exception <a 'sun/nio/fs/WindowsException'{0x000000008ebfab90}> (0x000000008ebfab90) thrown at [./src/hotspot/share/prims/jni.cpp, line 615]
Event: 2041.546 Thread 0x0000024607e77000 Exception <a 'sun/nio/fs/WindowsException'{0x000000008ebfeb20}> (0x000000008ebfeb20) thrown at [./src/hotspot/share/prims/jni.cpp, line 615]
Event: 2041.546 Thread 0x0000024607e77000 Exception <a 'sun/nio/fs/WindowsException'{0x000000008ebfeba0}> (0x000000008ebfeba0) thrown at [./src/hotspot/share/prims/jni.cpp, line 615]
Event: 2041.546 Thread 0x0000024607e77000 Exception <a 'sun/nio/fs/WindowsException'{0x000000008ea01430}> (0x000000008ea01430) thrown at [./src/hotspot/share/prims/jni.cpp, line 615]
Event: 2041.546 Thread 0x0000024607e77000 Exception <a 'sun/nio/fs/WindowsException'{0x000000008ea014b0}> (0x000000008ea014b0) thrown at [./src/hotspot/share/prims/jni.cpp, line 615]
Event: 2041.596 Thread 0x0000024607e77000 Exception <a 'sun/nio/fs/WindowsException'{0x000000008e55f0c0}> (0x000000008e55f0c0) thrown at [./src/hotspot/share/prims/jni.cpp, line 615]
Event: 2041.596 Thread 0x0000024607e77000 Exception <a 'sun/nio/fs/WindowsException'{0x000000008e560190}> (0x000000008e560190) thrown at [./src/hotspot/share/prims/jni.cpp, line 615]
Event: 2041.596 Thread 0x0000024607e77000 Exception <a 'sun/nio/fs/WindowsException'{0x000000008e5612b0}> (0x000000008e5612b0) thrown at [./src/hotspot/share/prims/jni.cpp, line 615]
Event: 2041.596 Thread 0x0000024607e77000 Exception <a 'sun/nio/fs/WindowsException'{0x000000008e5623d0}> (0x000000008e5623d0) thrown at [./src/hotspot/share/prims/jni.cpp, line 615]
Event: 2041.601 Thread 0x0000024607e77000 Exception <a 'sun/nio/fs/WindowsException'{0x000000008e597d60}> (0x000000008e597d60) thrown at [./src/hotspot/share/prims/jni.cpp, line 615]
Event: 2041.601 Thread 0x0000024607e77000 Exception <a 'sun/nio/fs/WindowsException'{0x000000008e598e30}> (0x000000008e598e30) thrown at [./src/hotspot/share/prims/jni.cpp, line 615]
Event: 2041.601 Thread 0x0000024607e77000 Exception <a 'sun/nio/fs/WindowsException'{0x000000008e599f50}> (0x000000008e599f50) thrown at [./src/hotspot/share/prims/jni.cpp, line 615]
Event: 2041.602 Thread 0x0000024607e77000 Exception <a 'sun/nio/fs/WindowsException'{0x000000008e59b070}> (0x000000008e59b070) thrown at [./src/hotspot/share/prims/jni.cpp, line 615]
Event: 2041.784 Thread 0x0000024607e77000 Exception <a 'java/lang/NoSuchMethodError'{0x000000008dae2b98}: 'int java.lang.invoke.DirectMethodHandle$Holder.invokeSpecialIFC(java.lang.Object, java.lang.Object, java.lang.Object)'> (0x000000008dae2b98) thrown at [./src/hotspot/share/interpreter/linkResolver.cpp, line 773]
Event: 2041.846 Thread 0x0000024607e77000 Exception <a 'java/lang/NoSuchMethodError'{0x000000008d7bd158}: 'java.lang.Object java.lang.invoke.Invokers$Holder.linkToTargetMethod(java.lang.Object, java.lang.Object, java.lang.Object, int, java.lang.Object, java.lang.Object)'> (0x000000008d7bd158) thrown at [./src/hotspot/share/interpreter/linkResolver.cpp, line 773]
Event: 2042.097 Thread 0x0000024607e77000 Exception <a 'java/lang/NoSuchMethodError'{0x000000008c84c5b8}: 'void java.lang.invoke.DirectMethodHandle$Holder.invokeStatic(java.lang.Object, java.lang.Object, java.lang.Object, java.lang.Object, int, java.lang.Object, java.lang.Object)'> (0x000000008c84c5b8) thrown at [./src/hotspot/share/interpreter/linkResolver.cpp, line 773]
Event: 2042.124 Thread 0x0000024607e77000 Exception <a 'java/lang/IncompatibleClassChangeError'{0x000000008c61f7a8}: Found class java.lang.Object, but interface was expected> (0x000000008c61f7a8) thrown at [./src/hotspot/share/interpreter/linkResolver.cpp, line 839]
Event: 2042.247 Thread 0x00000246081b0000 Exception <a 'java/lang/IncompatibleClassChangeError'{0x000000008c41cb30}: Found class java.lang.Object, but interface was expected> (0x000000008c41cb30) thrown at [./src/hotspot/share/interpreter/linkResolver.cpp, line 839]
Event: 2043.964 Thread 0x00000246081b0000 Exception <a 'java/lang/NoSuchMethodError'{0x000000008fc82898}: 'java.lang.Object java.lang.invoke.DirectMethodHandle$Holder.newInvokeSpecial(java.lang.Object, java.lang.Object, java.lang.Object, java.lang.Object)'> (0x000000008fc82898) thrown at [./src/hotspot/share/interpreter/linkResolver.cpp, line 773]

Events (20 events):
Event: 2043.989 loading class org/gradle/api/internal/artifacts/transform/TransformationSubject done
Event: 2043.989 loading class org/gradle/api/internal/artifacts/transform/TransformingAsyncArtifactListener$TransformedArtifact
Event: 2043.989 loading class org/gradle/api/internal/artifacts/transform/TransformingAsyncArtifactListener$TransformedArtifact done
Event: 2043.990 loading class org/gradle/api/internal/artifacts/ivyservice/resolveengine/artifact/ArtifactVisitor
Event: 2043.990 loading class org/gradle/api/internal/artifacts/ivyservice/resolveengine/artifact/ArtifactVisitor done
Event: 2043.990 loading class org/gradle/api/internal/artifacts/transform/TransformingAsyncArtifactListener$TransformedArtifact
Event: 2043.990 loading class org/gradle/api/internal/artifacts/transform/TransformingAsyncArtifactListener$TransformedArtifact done
Event: 2043.990 loading class com/android/build/gradle/internal/ide/v2/JavaArtifactImpl
Event: 2043.990 loading class com/android/build/gradle/internal/ide/v2/JavaArtifactImpl done
Event: 2043.990 loading class com/android/builder/model/v2/ide/JavaArtifact
Event: 2043.990 loading class com/android/builder/model/v2/ide/JavaArtifact done
Event: 2043.991 loading class com/android/build/gradle/internal/ide/v2/JavaArtifactImpl$Companion
Event: 2043.991 loading class com/android/build/gradle/internal/ide/v2/JavaArtifactImpl$Companion done
Event: 2043.991 loading class com/android/build/api/dsl/TestExtension
Event: 2043.991 loading class com/android/build/api/dsl/TestExtension done
Event: 2043.991 loading class com/android/build/gradle/internal/core/VariantSources$manifestOverlays$gatherManifest$1
Event: 2043.991 loading class com/android/build/gradle/internal/core/VariantSources$manifestOverlays$gatherManifest$1 done
Event: 2043.992 loading class javax/xml/stream/XMLInputFactory
Event: 2043.992 loading class javax/xml/stream/XMLInputFactory done
Event: 2043.992 loading class javax/xml/stream/FactoryFinder


Dynamic libraries:
0x00007ff73de90000 - 0x00007ff73de9a000 	C:\Program Files\Android\Android Studio\jre\bin\java.exe
0x00007ffc6b4f0000 - 0x00007ffc6b6e8000 	C:\Windows\SYSTEM32\ntdll.dll
0x00007ffc6a270000 - 0x00007ffc6a32d000 	C:\Windows\System32\KERNEL32.DLL
0x00007ffc69280000 - 0x00007ffc6954e000 	C:\Windows\System32\KERNELBASE.dll
0x00007ffc69050000 - 0x00007ffc69150000 	C:\Windows\System32\ucrtbase.dll
0x00007ffc59af0000 - 0x00007ffc59b07000 	C:\Program Files\Android\Android Studio\jre\bin\VCRUNTIME140.dll
0x00007ffc59ad0000 - 0x00007ffc59ae9000 	C:\Program Files\Android\Android Studio\jre\bin\jli.dll
0x00007ffc6a570000 - 0x00007ffc6a710000 	C:\Windows\System32\USER32.dll
0x00007ffc691a0000 - 0x00007ffc691c2000 	C:\Windows\System32\win32u.dll
0x00007ffc5fec0000 - 0x00007ffc6015a000 	C:\Windows\WinSxS\amd64_microsoft.windows.common-controls_6595b64144ccf1df_6.0.19041.1110_none_60b5254171f9507e\COMCTL32.dll
0x00007ffc6a330000 - 0x00007ffc6a35a000 	C:\Windows\System32\GDI32.dll
0x00007ffc699c0000 - 0x00007ffc69a5e000 	C:\Windows\System32\msvcrt.dll
0x00007ffc68c10000 - 0x00007ffc68d1b000 	C:\Windows\System32\gdi32full.dll
0x00007ffc68d50000 - 0x00007ffc68ded000 	C:\Windows\System32\msvcp_win.dll
0x00007ffc69d10000 - 0x00007ffc69d40000 	C:\Windows\System32\IMM32.DLL
0x00007ffc59a30000 - 0x00007ffc59acd000 	C:\Program Files\Android\Android Studio\jre\bin\msvcp140.dll
0x00007ffc22110000 - 0x00007ffc22bf5000 	C:\Program Files\Android\Android Studio\jre\bin\server\jvm.dll
0x00007ffc69910000 - 0x00007ffc699be000 	C:\Windows\System32\ADVAPI32.dll
0x00007ffc69550000 - 0x00007ffc695ec000 	C:\Windows\System32\sechost.dll
0x00007ffc6a370000 - 0x00007ffc6a495000 	C:\Windows\System32\RPCRT4.dll
0x00007ffc6a560000 - 0x00007ffc6a568000 	C:\Windows\System32\PSAPI.DLL
0x00007ffc607e0000 - 0x00007ffc60807000 	C:\Windows\SYSTEM32\WINMM.dll
0x00007ffc58870000 - 0x00007ffc58879000 	C:\Windows\SYSTEM32\WSOCK32.dll
0x00007ffc630c0000 - 0x00007ffc630ca000 	C:\Windows\SYSTEM32\VERSION.dll
0x00007ffc6b390000 - 0x00007ffc6b3fb000 	C:\Windows\System32\WS2_32.dll
0x00007ffc66b30000 - 0x00007ffc66b42000 	C:\Windows\SYSTEM32\kernel.appcore.dll
0x00007ffc52c70000 - 0x00007ffc52c81000 	C:\Program Files\Android\Android Studio\jre\bin\verify.dll
0x00007ffc59570000 - 0x00007ffc59754000 	C:\Windows\SYSTEM32\DBGHELP.DLL
0x00007ffc59540000 - 0x00007ffc5956c000 	C:\Windows\SYSTEM32\dbgcore.DLL
0x00007ffc68f50000 - 0x00007ffc68fd2000 	C:\Windows\System32\bcryptPrimitives.dll
0x00007ffc52c40000 - 0x00007ffc52c69000 	C:\Program Files\Android\Android Studio\jre\bin\java.dll
0x00007ffc58850000 - 0x00007ffc5885b000 	C:\Program Files\Android\Android Studio\jre\bin\jimage.dll
0x00007ffc52c20000 - 0x00007ffc52c38000 	C:\Program Files\Android\Android Studio\jre\bin\zip.dll
0x00007ffc6a710000 - 0x00007ffc6ae54000 	C:\Windows\System32\SHELL32.dll
0x00007ffc66d30000 - 0x00007ffc674c4000 	C:\Windows\SYSTEM32\windows.storage.dll
0x00007ffc69f10000 - 0x00007ffc6a264000 	C:\Windows\System32\combase.dll
0x00007ffc68670000 - 0x00007ffc686a0000 	C:\Windows\SYSTEM32\Wldp.dll
0x00007ffc6ae70000 - 0x00007ffc6af1d000 	C:\Windows\System32\SHCORE.dll
0x00007ffc69820000 - 0x00007ffc69875000 	C:\Windows\System32\shlwapi.dll
0x00007ffc68b50000 - 0x00007ffc68b6f000 	C:\Windows\SYSTEM32\profapi.dll
0x00007ffc52bd0000 - 0x00007ffc52bea000 	C:\Program Files\Android\Android Studio\jre\bin\net.dll
0x00007ffc5fdb0000 - 0x00007ffc5feba000 	C:\Windows\SYSTEM32\WINHTTP.dll
0x00007ffc68360000 - 0x00007ffc683ca000 	C:\Windows\system32\mswsock.dll
0x00007ffc52860000 - 0x00007ffc52874000 	C:\Program Files\Android\Android Studio\jre\bin\nio.dll
0x00007ffc59b10000 - 0x00007ffc59b37000 	C:\Users\user\.gradle\native\e1d6ef7f7dcc3fd88c89a11ec53ec762bb8ba0a96d01ffa2cd45eb1d1d8dd5c5\windows-amd64\native-platform.dll
0x00007ffc53680000 - 0x00007ffc537c4000 	C:\Users\user\.gradle\native\5664cfc778a61ccfe75a443a1ab52a65af34e5dc3c78e0209fed803814484fcb\windows-amd64\native-platform-file-events.dll
0x00007ffc551c0000 - 0x00007ffc551ca000 	C:\Program Files\Android\Android Studio\jre\bin\management.dll
0x00007ffc54150000 - 0x00007ffc5415d000 	C:\Program Files\Android\Android Studio\jre\bin\management_ext.dll
0x00007ffc68550000 - 0x00007ffc68568000 	C:\Windows\SYSTEM32\CRYPTSP.dll
0x00007ffc67c80000 - 0x00007ffc67cb4000 	C:\Windows\system32\rsaenh.dll
0x00007ffc68d20000 - 0x00007ffc68d47000 	C:\Windows\System32\bcrypt.dll
0x00007ffc68ad0000 - 0x00007ffc68afe000 	C:\Windows\SYSTEM32\USERENV.dll
0x00007ffc68570000 - 0x00007ffc6857c000 	C:\Windows\SYSTEM32\CRYPTBASE.dll
0x00007ffc68050000 - 0x00007ffc6808b000 	C:\Windows\SYSTEM32\IPHLPAPI.DLL
0x00007ffc6ae60000 - 0x00007ffc6ae68000 	C:\Windows\System32\NSI.dll
0x00007ffc613e0000 - 0x00007ffc613f7000 	C:\Windows\SYSTEM32\dhcpcsvc6.DLL
0x00007ffc613c0000 - 0x00007ffc613dd000 	C:\Windows\SYSTEM32\dhcpcsvc.DLL
0x00007ffc68090000 - 0x00007ffc6815a000 	C:\Windows\SYSTEM32\DNSAPI.dll
0x00007ffc49ae0000 - 0x00007ffc49b07000 	C:\Program Files\Android\Android Studio\jre\bin\sunec.dll
0x00007ffc5f660000 - 0x00007ffc5f66a000 	C:\Windows\System32\rasadhlp.dll
0x00007ffc5f960000 - 0x00007ffc5f9e0000 	C:\Windows\System32\fwpuclnt.dll

dbghelp: loaded successfully - version: 4.0.5 - missing functions: none
symbol engine: initialized successfully - sym options: 0x614 - pdb path: .;C:\Program Files\Android\Android Studio\jre\bin;C:\Windows\SYSTEM32;C:\Windows\WinSxS\amd64_microsoft.windows.common-controls_6595b64144ccf1df_6.0.19041.1110_none_60b5254171f9507e;C:\Program Files\Android\Android Studio\jre\bin\server;C:\Users\user\.gradle\native\e1d6ef7f7dcc3fd88c89a11ec53ec762bb8ba0a96d01ffa2cd45eb1d1d8dd5c5\windows-amd64;C:\Users\user\.gradle\native\5664cfc778a61ccfe75a443a1ab52a65af34e5dc3c78e0209fed803814484fcb\windows-amd64

VM Arguments:
jvm_args: --add-opens=java.base/java.util=ALL-UNNAMED --add-opens=java.base/java.lang=ALL-UNNAMED --add-opens=java.base/java.lang.invoke=ALL-UNNAMED --add-opens=java.base/java.util=ALL-UNNAMED --add-opens=java.prefs/java.util.prefs=ALL-UNNAMED --add-opens=java.prefs/java.util.prefs=ALL-UNNAMED --add-opens=java.base/java.nio.charset=ALL-UNNAMED --add-opens=java.base/java.net=ALL-UNNAMED --add-opens=java.base/java.util.concurrent.atomic=ALL-UNNAMED -Xmx2048m -Dfile.encoding=UTF-8 -Duser.country=TR -Duser.language=tr -Duser.variant 
java_command: org.gradle.launcher.daemon.bootstrap.GradleDaemon 7.3.3
java_class_path (initial): C:\Users\user\.gradle\wrapper\dists\gradle-7.3.3-bin\6a41zxkdtcxs8rphpq6y0069z\gradle-7.3.3\lib\gradle-launcher-7.3.3.jar
Launcher Type: SUN_STANDARD

[Global flags]
     intx CICompilerCount                          = 3                                         {product} {ergonomic}
     uint ConcGCThreads                            = 1                                         {product} {ergonomic}
     uint G1ConcRefinementThreads                  = 4                                         {product} {ergonomic}
   size_t G1HeapRegionSize                         = 1048576                                   {product} {ergonomic}
    uintx GCDrainStackTargetSize                   = 64                                        {product} {ergonomic}
   size_t InitialHeapSize                          = 134217728                                 {product} {ergonomic}
   size_t MarkStackSize                            = 4194304                                   {product} {ergonomic}
   size_t MaxHeapSize                              = 2147483648                                {product} {command line}
   size_t MaxNewSize                               = 1287651328                                {product} {ergonomic}
   size_t MinHeapDeltaBytes                        = 1048576                                   {product} {ergonomic}
    uintx NonNMethodCodeHeapSize                   = 5830732                                {pd product} {ergonomic}
    uintx NonProfiledCodeHeapSize                  = 122913754                              {pd product} {ergonomic}
    uintx ProfiledCodeHeapSize                     = 122913754                              {pd product} {ergonomic}
    uintx ReservedCodeCacheSize                    = 251658240                              {pd product} {ergonomic}
     bool SegmentedCodeCache                       = true                                      {product} {ergonomic}
     bool UseCompressedClassPointers               = true                                 {lp64_product} {ergonomic}
     bool UseCompressedOops                        = true                                 {lp64_product} {ergonomic}
     bool UseG1GC                                  = true                                      {product} {ergonomic}
     bool UseLargePagesIndividualAllocation        = false                                  {pd product} {ergonomic}

Logging:
Log output configuration:
 #0: stdout all=warning uptime,level,tags
 #1: stderr all=off uptime,level,tags

Environment Variables:
PATH=C:\Program Files\Common Files\Oracle\Java\javapath;C:\Users\user\Desktop\platform-tools_r33.0.1-windows\platform-tools;C:\Users\user\Desktop\jdk\jdk-16.0.1_windows-x64_bin
USERNAME=user
OS=Windows_NT
PROCESSOR_IDENTIFIER=Intel64 Family 6 Model 58 Stepping 9, GenuineIntel



---------------  S Y S T E M  ---------------

OS: Windows 10 , 64 bit Build 19041 (10.0.19041.1889)
OS uptime: 0 days 3:13 hours

CPU:total 4 (initial active 4) (2 cores per cpu, 2 threads per core) family 6 model 58 stepping 9 microcode 0x21, cmov, cx8, fxsr, mmx, sse, sse2, sse3, ssse3, sse4.1, sse4.2, popcnt, avx, clmul, erms, ht, tsc, tscinvbit, tscinv

Memory: 4k page, system-wide physical 8159M (3361M free)
TotalPageFile size 11103M (AvailPageFile size 5775M)
current process WorkingSet (physical memory assigned to process): 636M, peak: 638M
current process commit charge ("private bytes"): 676M, peak: 679M

vm_info: OpenJDK 64-Bit Server VM (11.0.12+7-b1504.28-7817840) for windows-amd64 JRE (11.0.12+7-b1504.28-7817840), built on Oct 13 2021 22:12:33 by "builder" with MS VC++ 14.0 (VS2015)

END.
